# JRE version: Java(TM) SE Runtime Environment (8.0_60-b27) (build 1.8.0_60-b27)
# Java VM: Java HotSpot(TM) 64-Bit Server VM (25.60-b23 mixed mode bsd-amd64 compressed oops)
Heap:
 PSYoungGen      total 106496K, used 60314K [0x0000000795580000, 0x000000079df00000, 0x00000007c0000000)
  eden space 82432K, 44% used [0x0000000795580000,0x00000007978f64b0,0x000000079a600000)
  from space 24064K, 99% used [0x000000079c100000,0x000000079d870670,0x000000079d880000)
  to   space 27648K, 0% used [0x000000079a600000,0x000000079a600000,0x000000079c100000)
 ParOldGen       total 68096K, used 40249K [0x0000000740000000, 0x0000000744280000, 0x0000000795580000)
  object space 68096K, 59% used [0x0000000740000000,0x000000074274e750,0x0000000744280000)
 Metaspace       used 24183K, capacity 24473K, committed 24832K, reserved 1071104K
  class space    used 2344K, capacity 2449K, committed 2560K, reserved 1048576K
GC Heap History (10 events):
Event: 35.775 GC heap before
{Heap before GC invocations=9 (full 1):
 PSYoungGen      total 69120K, used 68208K [0x0000000795580000, 0x000000079b200000, 0x00000007c0000000)
  eden space 56832K, 100% used [0x0000000795580000,0x0000000798d00000,0x0000000798d00000)
  from space 12288K, 92% used [0x0000000798d00000,0x000000079981c350,0x0000000799900000)
  to   space 13312K, 0% used [0x000000079a500000,0x000000079a500000,0x000000079b200000)
 ParOldGen       total 68096K, used 17680K [0x0000000740000000, 0x0000000744280000, 0x0000000795580000)
  object space 68096K, 25% used [0x0000000740000000,0x00000007411441d0,0x0000000744280000)
 Metaspace       used 23835K, capacity 24089K, committed 24320K, reserved 1071104K
  class space    used 2336K, capacity 2449K, committed 2560K, reserved 1048576K
Event: 35.784 GC heap after
Heap after GC invocations=9 (full 1):
 PSYoungGen      total 79360K, used 13184K [0x0000000795580000, 0x000000079b980000, 0x00000007c0000000)
  eden space 66048K, 0% used [0x0000000795580000,0x0000000795580000,0x0000000799600000)
  from space 13312K, 99% used [0x000000079a500000,0x000000079b1e03d0,0x000000079b200000)
  to   space 15360K, 0% used [0x0000000799600000,0x0000000799600000,0x000000079a500000)
 ParOldGen       total 68096K, used 20760K [0x0000000740000000, 0x0000000744280000, 0x0000000795580000)
  object space 68096K, 30% used [0x0000000740000000,0x0000000741446290,0x0000000744280000)
 Metaspace       used 23835K, capacity 24089K, committed 24320K, reserved 1071104K
  class space    used 2336K, capacity 2449K, committed 2560K, reserved 1048576K
}
Event: 36.594 GC heap before
{Heap before GC invocations=10 (full 1):
 PSYoungGen      total 79360K, used 79232K [0x0000000795580000, 0x000000079b980000, 0x00000007c0000000)
  eden space 66048K, 100% used [0x0000000795580000,0x0000000799600000,0x0000000799600000)
  from space 13312K, 99% used [0x000000079a500000,0x000000079b1e03d0,0x000000079b200000)
  to   space 15360K, 0% used [0x0000000799600000,0x0000000799600000,0x000000079a500000)
 ParOldGen       total 68096K, used 20760K [0x0000000740000000, 0x0000000744280000, 0x0000000795580000)
  object space 68096K, 30% used [0x0000000740000000,0x0000000741446290,0x0000000744280000)
 Metaspace       used 23917K, capacity 24217K, committed 24576K, reserved 1071104K
  class space    used 2336K, capacity 2449K, committed 2560K, reserved 1048576K
Event: 36.601 GC heap after
Heap after GC invocations=10 (full 1):
 PSYoungGen      total 81408K, used 15265K [0x0000000795580000, 0x000000079c400000, 0x00000007c0000000)
  eden space 66048K, 0% used [0x0000000795580000,0x0000000795580000,0x0000000799600000)
  from space 15360K, 99% used [0x0000000799600000,0x000000079a4e8430,0x000000079a500000)
  to   space 17408K, 0% used [0x000000079b300000,0x000000079b300000,0x000000079c400000)
 ParOldGen       total 68096K, used 25376K [0x0000000740000000, 0x0000000744280000, 0x0000000795580000)
  object space 68096K, 37% used [0x0000000740000000,0x00000007418c83b0,0x0000000744280000)
 Metaspace       used 23917K, capacity 24217K, committed 24576K, reserved 1071104K
  class space    used 2336K, capacity 2449K, committed 2560K, reserved 1048576K
}
Event: 42.151 GC heap before
{Heap before GC invocations=11 (full 1):
 PSYoungGen      total 81408K, used 81313K [0x0000000795580000, 0x000000079c400000, 0x00000007c0000000)
  eden space 66048K, 100% used [0x0000000795580000,0x0000000799600000,0x0000000799600000)
  from space 15360K, 99% used [0x0000000799600000,0x000000079a4e8430,0x000000079a500000)
  to   space 17408K, 0% used [0x000000079b300000,0x000000079b300000,0x000000079c400000)
 ParOldGen       total 68096K, used 25376K [0x0000000740000000, 0x0000000744280000, 0x0000000795580000)
  object space 68096K, 37% used [0x0000000740000000,0x00000007418c83b0,0x0000000744280000)
 Metaspace       used 23953K, capacity 24217K, committed 24576K, reserved 1071104K
  class space    used 2336K, capacity 2449K, committed 2560K, reserved 1048576K
Event: 42.165 GC heap after
Heap after GC invocations=11 (full 1):
 PSYoungGen      total 91648K, used 17377K [0x0000000795580000, 0x000000079cb00000, 0x00000007c0000000)
  eden space 74240K, 0% used [0x0000000795580000,0x0000000795580000,0x0000000799e00000)
  from space 17408K, 99% used [0x000000079b300000,0x000000079c3f84d0,0x000000079c400000)
  to   space 21504K, 0% used [0x0000000799e00000,0x0000000799e00000,0x000000079b300000)
 ParOldGen       total 68096K, used 30513K [0x0000000740000000, 0x0000000744280000, 0x0000000795580000)
  object space 68096K, 44% used [0x0000000740000000,0x0000000741dcc4f0,0x0000000744280000)
 Metaspace       used 23953K, capacity 24217K, committed 24576K, reserved 1071104K
  class space    used 2336K, capacity 2449K, committed 2560K, reserved 1048576K
}
Event: 45.311 GC heap before
{Heap before GC invocations=12 (full 1):
 PSYoungGen      total 91648K, used 91617K [0x0000000795580000, 0x000000079cb00000, 0x00000007c0000000)
  eden space 74240K, 100% used [0x0000000795580000,0x0000000799e00000,0x0000000799e00000)
  from space 17408K, 99% used [0x000000079b300000,0x000000079c3f84d0,0x000000079c400000)
  to   space 21504K, 0% used [0x0000000799e00000,0x0000000799e00000,0x000000079b300000)
 ParOldGen       total 68096K, used 30513K [0x0000000740000000, 0x0000000744280000, 0x0000000795580000)
  object space 68096K, 44% used [0x0000000740000000,0x0000000741dcc4f0,0x0000000744280000)
 Metaspace       used 24071K, capacity 24345K, committed 24576K, reserved 1071104K
  class space    used 2336K, capacity 2449K, committed 2560K, reserved 1048576K
Event: 45.320 GC heap after
Heap after GC invocations=12 (full 1):
 PSYoungGen      total 95744K, used 21409K [0x0000000795580000, 0x000000079d880000, 0x00000007c0000000)
  eden space 74240K, 0% used [0x0000000795580000,0x0000000795580000,0x0000000799e00000)
  from space 21504K, 99% used [0x0000000799e00000,0x000000079b2e85b0,0x000000079b300000)
  to   space 24064K, 0% used [0x000000079c100000,0x000000079c100000,0x000000079d880000)
 ParOldGen       total 68096K, used 34097K [0x0000000740000000, 0x0000000744280000, 0x0000000795580000)
  object space 68096K, 50% used [0x0000000740000000,0x000000074214c5d0,0x0000000744280000)
 Metaspace       used 24071K, capacity 24345K, committed 24576K, reserved 1071104K
  class space    used 2336K, capacity 2449K, committed 2560K, reserved 1048576K
}
Event: 49.649 GC heap before
{Heap before GC invocations=13 (full 1):
 PSYoungGen      total 95744K, used 95535K [0x0000000795580000, 0x000000079d880000, 0x00000007c0000000)
  eden space 74240K, 99% used [0x0000000795580000,0x0000000799de3a20,0x0000000799e00000)
  from space 21504K, 99% used [0x0000000799e00000,0x000000079b2e85b0,0x000000079b300000)
  to   space 24064K, 0% used [0x000000079c100000,0x000000079c100000,0x000000079d880000)
 ParOldGen       total 68096K, used 34097K [0x0000000740000000, 0x0000000744280000, 0x0000000795580000)
  object space 68096K, 50% used [0x0000000740000000,0x000000074214c5d0,0x0000000744280000)
 Metaspace       used 24134K, capacity 24409K, committed 24832K, reserved 1071104K
  class space    used 2336K, capacity 2449K, committed 2560K, reserved 1048576K
Event: 49.665 GC heap after
Heap after GC invocations=13 (full 1):
 PSYoungGen      total 106496K, used 24001K [0x0000000795580000, 0x000000079df00000, 0x00000007c0000000)
  eden space 82432K, 0% used [0x0000000795580000,0x0000000795580000,0x000000079a600000)
  from space 24064K, 99% used [0x000000079c100000,0x000000079d870670,0x000000079d880000)
  to   space 27648K, 0% used [0x000000079a600000,0x000000079a600000,0x000000079c100000)
 ParOldGen       total 68096K, used 40249K [0x0000000740000000, 0x0000000744280000, 0x0000000795580000)
  object space 68096K, 59% used [0x0000000740000000,0x000000074274e750,0x0000000744280000)
 Metaspace       used 24134K, capacity 24409K, committed 24832K, reserved 1071104K
  class space    used 2336K, capacity 2449K, committed 2560K, reserved 1048576K
}

