# JRE version: Java(TM) SE Runtime Environment (8.0_60-b27) (build 1.8.0_60-b27)
# Java VM: Java HotSpot(TM) 64-Bit Server VM (25.60-b23 mixed mode bsd-amd64 compressed oops)
Heap:
 PSYoungGen      total 60416K, used 20210K [0x0000000167380000, 0x000000016be80000, 0x0000000191e00000)
  eden space 55296K, 27% used [0x0000000167380000,0x00000001682413a8,0x000000016a980000)
  from space 5120K, 99% used [0x000000016b980000,0x000000016be7b4e0,0x000000016be80000)
  to   space 5120K, 0% used [0x000000016b480000,0x000000016b480000,0x000000016b980000)
 ParOldGen       total 55808K, used 11470K [0x0000000111e00000, 0x0000000115480000, 0x0000000167380000)
  object space 55808K, 20% used [0x0000000111e00000,0x00000001129339e8,0x0000000115480000)
 Metaspace       used 23802K, capacity 24095K, committed 24320K, reserved 1071104K
  class space    used 2362K, capacity 2450K, committed 2560K, reserved 1048576K
GC Heap History (10 events):
Event: 2.118 GC heap before
{Heap before GC invocations=1 (full 0):
 PSYoungGen      total 38400K, used 33280K [0x0000000167380000, 0x0000000169e00000, 0x0000000191e00000)
  eden space 33280K, 100% used [0x0000000167380000,0x0000000169400000,0x0000000169400000)
  from space 5120K, 0% used [0x0000000169900000,0x0000000169900000,0x0000000169e00000)
  to   space 5120K, 0% used [0x0000000169400000,0x0000000169400000,0x0000000169900000)
 ParOldGen       total 87552K, used 0K [0x0000000111e00000, 0x0000000117380000, 0x0000000167380000)
  object space 87552K, 0% used [0x0000000111e00000,0x0000000111e00000,0x0000000117380000)
 Metaspace       used 15939K, capacity 16147K, committed 16384K, reserved 1064960K
  class space    used 1622K, capacity 1692K, committed 1792K, reserved 1048576K
Event: 2.124 GC heap after
Heap after GC invocations=1 (full 0):
 PSYoungGen      total 38400K, used 5015K [0x0000000167380000, 0x0000000169e00000, 0x0000000191e00000)
  eden space 33280K, 0% used [0x0000000167380000,0x0000000167380000,0x0000000169400000)
  from space 5120K, 97% used [0x0000000169400000,0x00000001698e5d38,0x0000000169900000)
  to   space 5120K, 0% used [0x0000000169900000,0x0000000169900000,0x0000000169e00000)
 ParOldGen       total 87552K, used 8K [0x0000000111e00000, 0x0000000117380000, 0x0000000167380000)
  object space 87552K, 0% used [0x0000000111e00000,0x0000000111e02000,0x0000000117380000)
 Metaspace       used 15939K, capacity 16147K, committed 16384K, reserved 1064960K
  class space    used 1622K, capacity 1692K, committed 1792K, reserved 1048576K
}
Event: 3.345 GC heap before
{Heap before GC invocations=2 (full 0):
 PSYoungGen      total 38400K, used 38295K [0x0000000167380000, 0x0000000169e00000, 0x0000000191e00000)
  eden space 33280K, 100% used [0x0000000167380000,0x0000000169400000,0x0000000169400000)
  from space 5120K, 97% used [0x0000000169400000,0x00000001698e5d38,0x0000000169900000)
  to   space 5120K, 0% used [0x0000000169900000,0x0000000169900000,0x0000000169e00000)
 ParOldGen       total 87552K, used 8K [0x0000000111e00000, 0x0000000117380000, 0x0000000167380000)
  object space 87552K, 0% used [0x0000000111e00000,0x0000000111e02000,0x0000000117380000)
 Metaspace       used 20179K, capacity 20425K, committed 20736K, reserved 1067008K
  class space    used 2073K, capacity 2191K, committed 2304K, reserved 1048576K
Event: 3.356 GC heap after
Heap after GC invocations=2 (full 0):
 PSYoungGen      total 38400K, used 5104K [0x0000000167380000, 0x0000000169e00000, 0x0000000191e00000)
  eden space 33280K, 0% used [0x0000000167380000,0x0000000167380000,0x0000000169400000)
  from space 5120K, 99% used [0x0000000169900000,0x0000000169dfc070,0x0000000169e00000)
  to   space 5120K, 0% used [0x0000000169400000,0x0000000169400000,0x0000000169900000)
 ParOldGen       total 87552K, used 3853K [0x0000000111e00000, 0x0000000117380000, 0x0000000167380000)
  object space 87552K, 4% used [0x0000000111e00000,0x00000001121c3638,0x0000000117380000)
 Metaspace       used 20179K, capacity 20425K, committed 20736K, reserved 1067008K
  class space    used 2073K, capacity 2191K, committed 2304K, reserved 1048576K
}
Event: 3.450 GC heap before
{Heap before GC invocations=3 (full 0):
 PSYoungGen      total 38400K, used 7754K [0x0000000167380000, 0x0000000169e00000, 0x0000000191e00000)
  eden space 33280K, 7% used [0x0000000167380000,0x0000000167616a70,0x0000000169400000)
  from space 5120K, 99% used [0x0000000169900000,0x0000000169dfc070,0x0000000169e00000)
  to   space 5120K, 0% used [0x0000000169400000,0x0000000169400000,0x0000000169900000)
 ParOldGen       total 87552K, used 3853K [0x0000000111e00000, 0x0000000117380000, 0x0000000167380000)
  object space 87552K, 4% used [0x0000000111e00000,0x00000001121c3638,0x0000000117380000)
 Metaspace       used 20873K, capacity 21109K, committed 21248K, reserved 1069056K
  class space    used 2141K, capacity 2225K, committed 2304K, reserved 1048576K
Event: 3.456 GC heap after
Heap after GC invocations=3 (full 0):
 PSYoungGen      total 38400K, used 5106K [0x0000000167380000, 0x000000016be80000, 0x0000000191e00000)
  eden space 33280K, 0% used [0x0000000167380000,0x0000000167380000,0x0000000169400000)
  from space 5120K, 99% used [0x0000000169400000,0x00000001698fcb50,0x0000000169900000)
  to   space 5120K, 0% used [0x000000016b980000,0x000000016b980000,0x000000016be80000)
 ParOldGen       total 87552K, used 4362K [0x0000000111e00000, 0x0000000117380000, 0x0000000167380000)
  object space 87552K, 4% used [0x0000000111e00000,0x0000000112242830,0x0000000117380000)
 Metaspace       used 20873K, capacity 21109K, committed 21248K, reserved 1069056K
  class space    used 2141K, capacity 2225K, committed 2304K, reserved 1048576K
}
Event: 3.456 GC heap before
{Heap before GC invocations=4 (full 1):
 PSYoungGen      total 38400K, used 5106K [0x0000000167380000, 0x000000016be80000, 0x0000000191e00000)
  eden space 33280K, 0% used [0x0000000167380000,0x0000000167380000,0x0000000169400000)
  from space 5120K, 99% used [0x0000000169400000,0x00000001698fcb50,0x0000000169900000)
  to   space 5120K, 0% used [0x000000016b980000,0x000000016b980000,0x000000016be80000)
 ParOldGen       total 87552K, used 4362K [0x0000000111e00000, 0x0000000117380000, 0x0000000167380000)
  object space 87552K, 4% used [0x0000000111e00000,0x0000000112242830,0x0000000117380000)
 Metaspace       used 20873K, capacity 21109K, committed 21248K, reserved 1069056K
  class space    used 2141K, capacity 2225K, committed 2304K, reserved 1048576K
Event: 3.489 GC heap after
Heap after GC invocations=4 (full 1):
 PSYoungGen      total 38400K, used 0K [0x0000000167380000, 0x000000016be80000, 0x0000000191e00000)
  eden space 33280K, 0% used [0x0000000167380000,0x0000000167380000,0x0000000169400000)
  from space 5120K, 0% used [0x0000000169400000,0x0000000169400000,0x0000000169900000)
  to   space 5120K, 0% used [0x000000016b980000,0x000000016b980000,0x000000016be80000)
 ParOldGen       total 55808K, used 7567K [0x0000000111e00000, 0x0000000115480000, 0x0000000167380000)
  object space 55808K, 13% used [0x0000000111e00000,0x0000000112563eb0,0x0000000115480000)
 Metaspace       used 20873K, capacity 21109K, committed 21248K, reserved 1069056K
  class space    used 2141K, capacity 2225K, committed 2304K, reserved 1048576K
}
Event: 6.539 GC heap before
{Heap before GC invocations=5 (full 1):
 PSYoungGen      total 38400K, used 33280K [0x0000000167380000, 0x000000016be80000, 0x0000000191e00000)
  eden space 33280K, 100% used [0x0000000167380000,0x0000000169400000,0x0000000169400000)
  from space 5120K, 0% used [0x0000000169400000,0x0000000169400000,0x0000000169900000)
  to   space 5120K, 0% used [0x000000016b980000,0x000000016b980000,0x000000016be80000)
 ParOldGen       total 55808K, used 7567K [0x0000000111e00000, 0x0000000115480000, 0x0000000167380000)
  object space 55808K, 13% used [0x0000000111e00000,0x0000000112563eb0,0x0000000115480000)
 Metaspace       used 23544K, capacity 23807K, committed 23936K, reserved 1071104K
  class space    used 2348K, capacity 2418K, committed 2432K, reserved 1048576K
Event: 6.546 GC heap after
Heap after GC invocations=5 (full 1):
 PSYoungGen      total 60416K, used 5101K [0x0000000167380000, 0x000000016be80000, 0x0000000191e00000)
  eden space 55296K, 0% used [0x0000000167380000,0x0000000167380000,0x000000016a980000)
  from space 5120K, 99% used [0x000000016b980000,0x000000016be7b4e0,0x000000016be80000)
  to   space 5120K, 0% used [0x000000016b480000,0x000000016b480000,0x000000016b980000)
 ParOldGen       total 55808K, used 11470K [0x0000000111e00000, 0x0000000115480000, 0x0000000167380000)
  object space 55808K, 20% used [0x0000000111e00000,0x00000001129339e8,0x0000000115480000)
 Metaspace       used 23544K, capacity 23807K, committed 23936K, reserved 1071104K
  class space    used 2348K, capacity 2418K, committed 2432K, reserved 1048576K
}

