# JRE version: Java(TM) SE Runtime Environment (8.0_60-b27) (build 1.8.0_60-b27)
# Java VM: Java HotSpot(TM) 64-Bit Server VM (25.60-b23 mixed mode bsd-amd64 compressed oops)
Heap:
 PSYoungGen      total 71680K, used 61129K [0x000000016e380000, 0x0000000179d80000, 0x0000000198e00000)
  eden space 66560K, 84% used [0x000000016e380000,0x0000000171a39a30,0x0000000172480000)
  from space 5120K, 99% used [0x0000000172480000,0x0000000172978cc0,0x0000000172980000)
  to   space 28672K, 0% used [0x0000000178180000,0x0000000178180000,0x0000000179d80000)
 ParOldGen       total 87552K, used 50898K [0x0000000118e00000, 0x000000011e380000, 0x000000016e380000)
  object space 87552K, 58% used [0x0000000118e00000,0x000000011bfb4ae0,0x000000011e380000)
 Metaspace       used 18916K, capacity 19137K, committed 19456K, reserved 1067008K
  class space    used 1880K, capacity 1981K, committed 2048K, reserved 1048576K
GC Heap History (10 events):
Event: 5.361 GC heap before
{Heap before GC invocations=1 (full 0):
 PSYoungGen      total 38400K, used 33280K [0x000000016e380000, 0x0000000170e00000, 0x0000000198e00000)
  eden space 33280K, 100% used [0x000000016e380000,0x0000000170400000,0x0000000170400000)
  from space 5120K, 0% used [0x0000000170900000,0x0000000170900000,0x0000000170e00000)
  to   space 5120K, 0% used [0x0000000170400000,0x0000000170400000,0x0000000170900000)
 ParOldGen       total 87552K, used 0K [0x0000000118e00000, 0x000000011e380000, 0x000000016e380000)
  object space 87552K, 0% used [0x0000000118e00000,0x0000000118e00000,0x000000011e380000)
 Metaspace       used 15965K, capacity 16123K, committed 16256K, reserved 1064960K
  class space    used 1615K, capacity 1660K, committed 1664K, reserved 1048576K
Event: 5.368 GC heap after
Heap after GC invocations=1 (full 0):
 PSYoungGen      total 38400K, used 5054K [0x000000016e380000, 0x0000000170e00000, 0x0000000198e00000)
  eden space 33280K, 0% used [0x000000016e380000,0x000000016e380000,0x0000000170400000)
  from space 5120K, 98% used [0x0000000170400000,0x00000001708ef9e0,0x0000000170900000)
  to   space 5120K, 0% used [0x0000000170900000,0x0000000170900000,0x0000000170e00000)
 ParOldGen       total 87552K, used 16K [0x0000000118e00000, 0x000000011e380000, 0x000000016e380000)
  object space 87552K, 0% used [0x0000000118e00000,0x0000000118e04000,0x000000011e380000)
 Metaspace       used 15965K, capacity 16123K, committed 16256K, reserved 1064960K
  class space    used 1615K, capacity 1660K, committed 1664K, reserved 1048576K
}
Event: 6.426 GC heap before
{Heap before GC invocations=2 (full 0):
 PSYoungGen      total 38400K, used 38334K [0x000000016e380000, 0x0000000170e00000, 0x0000000198e00000)
  eden space 33280K, 100% used [0x000000016e380000,0x0000000170400000,0x0000000170400000)
  from space 5120K, 98% used [0x0000000170400000,0x00000001708ef9e0,0x0000000170900000)
  to   space 5120K, 0% used [0x0000000170900000,0x0000000170900000,0x0000000170e00000)
 ParOldGen       total 87552K, used 16K [0x0000000118e00000, 0x000000011e380000, 0x000000016e380000)
  object space 87552K, 0% used [0x0000000118e00000,0x0000000118e04000,0x000000011e380000)
 Metaspace       used 17533K, capacity 17723K, committed 18048K, reserved 1064960K
  class space    used 1774K, capacity 1852K, committed 1920K, reserved 1048576K
Event: 6.446 GC heap after
Heap after GC invocations=2 (full 0):
 PSYoungGen      total 38400K, used 5119K [0x000000016e380000, 0x0000000170e00000, 0x0000000198e00000)
  eden space 33280K, 0% used [0x000000016e380000,0x000000016e380000,0x0000000170400000)
  from space 5120K, 99% used [0x0000000170900000,0x0000000170dfff00,0x0000000170e00000)
  to   space 5120K, 0% used [0x0000000170400000,0x0000000170400000,0x0000000170900000)
 ParOldGen       total 87552K, used 6439K [0x0000000118e00000, 0x000000011e380000, 0x000000016e380000)
  object space 87552K, 7% used [0x0000000118e00000,0x0000000119449fd0,0x000000011e380000)
 Metaspace       used 17533K, capacity 17723K, committed 18048K, reserved 1064960K
  class space    used 1774K, capacity 1852K, committed 1920K, reserved 1048576K
}
Event: 6.591 GC heap before
{Heap before GC invocations=3 (full 0):
 PSYoungGen      total 38400K, used 38399K [0x000000016e380000, 0x0000000170e00000, 0x0000000198e00000)
  eden space 33280K, 100% used [0x000000016e380000,0x0000000170400000,0x0000000170400000)
  from space 5120K, 99% used [0x0000000170900000,0x0000000170dfff00,0x0000000170e00000)
  to   space 5120K, 0% used [0x0000000170400000,0x0000000170400000,0x0000000170900000)
 ParOldGen       total 87552K, used 6439K [0x0000000118e00000, 0x000000011e380000, 0x000000016e380000)
  object space 87552K, 7% used [0x0000000118e00000,0x0000000119449fd0,0x000000011e380000)
 Metaspace       used 17577K, capacity 17723K, committed 18048K, reserved 1064960K
  class space    used 1779K, capacity 1852K, committed 1920K, reserved 1048576K
Event: 6.611 GC heap after
Heap after GC invocations=3 (full 0):
 PSYoungGen      total 38400K, used 5100K [0x000000016e380000, 0x0000000172e80000, 0x0000000198e00000)
  eden space 33280K, 0% used [0x000000016e380000,0x000000016e380000,0x0000000170400000)
  from space 5120K, 99% used [0x0000000170400000,0x00000001708fb3f8,0x0000000170900000)
  to   space 5120K, 0% used [0x0000000172980000,0x0000000172980000,0x0000000172e80000)
 ParOldGen       total 87552K, used 20378K [0x0000000118e00000, 0x000000011e380000, 0x000000016e380000)
  object space 87552K, 23% used [0x0000000118e00000,0x000000011a1e6bf8,0x000000011e380000)
 Metaspace       used 17577K, capacity 17723K, committed 18048K, reserved 1064960K
  class space    used 1779K, capacity 1852K, committed 1920K, reserved 1048576K
}
Event: 6.676 GC heap before
{Heap before GC invocations=4 (full 0):
 PSYoungGen      total 38400K, used 38380K [0x000000016e380000, 0x0000000172e80000, 0x0000000198e00000)
  eden space 33280K, 100% used [0x000000016e380000,0x0000000170400000,0x0000000170400000)
  from space 5120K, 99% used [0x0000000170400000,0x00000001708fb3f8,0x0000000170900000)
  to   space 5120K, 0% used [0x0000000172980000,0x0000000172980000,0x0000000172e80000)
 ParOldGen       total 87552K, used 20378K [0x0000000118e00000, 0x000000011e380000, 0x000000016e380000)
  object space 87552K, 23% used [0x0000000118e00000,0x000000011a1e6bf8,0x000000011e380000)
 Metaspace       used 17577K, capacity 17723K, committed 18048K, reserved 1064960K
  class space    used 1779K, capacity 1852K, committed 1920K, reserved 1048576K
Event: 6.703 GC heap after
Heap after GC invocations=4 (full 0):
 PSYoungGen      total 71680K, used 5117K [0x000000016e380000, 0x0000000172e80000, 0x0000000198e00000)
  eden space 66560K, 0% used [0x000000016e380000,0x000000016e380000,0x0000000172480000)
  from space 5120K, 99% used [0x0000000172980000,0x0000000172e7f408,0x0000000172e80000)
  to   space 5120K, 0% used [0x0000000172480000,0x0000000172480000,0x0000000172980000)
 ParOldGen       total 87552K, used 33792K [0x0000000118e00000, 0x000000011e380000, 0x000000016e380000)
  object space 87552K, 38% used [0x0000000118e00000,0x000000011af00398,0x000000011e380000)
 Metaspace       used 17577K, capacity 17723K, committed 18048K, reserved 1064960K
  class space    used 1779K, capacity 1852K, committed 1920K, reserved 1048576K
}
Event: 9.036 GC heap before
{Heap before GC invocations=5 (full 0):
 PSYoungGen      total 71680K, used 71677K [0x000000016e380000, 0x0000000172e80000, 0x0000000198e00000)
  eden space 66560K, 100% used [0x000000016e380000,0x0000000172480000,0x0000000172480000)
  from space 5120K, 99% used [0x0000000172980000,0x0000000172e7f408,0x0000000172e80000)
  to   space 5120K, 0% used [0x0000000172480000,0x0000000172480000,0x0000000172980000)
 ParOldGen       total 87552K, used 33792K [0x0000000118e00000, 0x000000011e380000, 0x000000016e380000)
  object space 87552K, 38% used [0x0000000118e00000,0x000000011af00398,0x000000011e380000)
 Metaspace       used 18317K, capacity 18523K, committed 18816K, reserved 1067008K
  class space    used 1835K, capacity 1884K, committed 1920K, reserved 1048576K
Event: 9.099 GC heap after
Heap after GC invocations=5 (full 0):
 PSYoungGen      total 71680K, used 5091K [0x000000016e380000, 0x0000000179d80000, 0x0000000198e00000)
  eden space 66560K, 0% used [0x000000016e380000,0x000000016e380000,0x0000000172480000)
  from space 5120K, 99% used [0x0000000172480000,0x0000000172978cc0,0x0000000172980000)
  to   space 28672K, 0% used [0x0000000178180000,0x0000000178180000,0x0000000179d80000)
 ParOldGen       total 87552K, used 50898K [0x0000000118e00000, 0x000000011e380000, 0x000000016e380000)
  object space 87552K, 58% used [0x0000000118e00000,0x000000011bfb4ae0,0x000000011e380000)
 Metaspace       used 18317K, capacity 18523K, committed 18816K, reserved 1067008K
  class space    used 1835K, capacity 1884K, committed 1920K, reserved 1048576K
}

