# JRE version: Java(TM) SE Runtime Environment (8.0_60-b27) (build 1.8.0_60-b27)
# Java VM: Java HotSpot(TM) 64-Bit Server VM (25.60-b23 mixed mode bsd-amd64 compressed oops)
Heap:
 PSYoungGen      total 117248K, used 26660K [0x0000000795580000, 0x000000079e680000, 0x00000007c0000000)
  eden space 113664K, 20% used [0x0000000795580000,0x0000000796c30f48,0x000000079c480000)
  from space 3584K, 95% used [0x000000079e300000,0x000000079e6580e0,0x000000079e680000)
  to   space 12800K, 0% used [0x000000079cd80000,0x000000079cd80000,0x000000079da00000)
 ParOldGen       total 75776K, used 28057K [0x0000000740000000, 0x0000000744a00000, 0x0000000795580000)
  object space 75776K, 37% used [0x0000000740000000,0x0000000741b66750,0x0000000744a00000)
 Metaspace       used 21124K, capacity 21323K, committed 21552K, reserved 1069056K
  class space    used 2045K, capacity 2112K, committed 2176K, reserved 1048576K
GC Heap History (10 events):
Event: 10.506 GC heap before
{Heap before GC invocations=5 (full 0):
 PSYoungGen      total 38400K, used 38381K [0x0000000795580000, 0x0000000798000000, 0x00000007c0000000)
  eden space 33280K, 100% used [0x0000000795580000,0x0000000797600000,0x0000000797600000)
  from space 5120K, 99% used [0x0000000797b00000,0x0000000797ffb460,0x0000000798000000)
  to   space 5120K, 0% used [0x0000000797600000,0x0000000797600000,0x0000000797b00000)
 ParOldGen       total 87552K, used 14492K [0x0000000740000000, 0x0000000745580000, 0x0000000795580000)
  object space 87552K, 16% used [0x0000000740000000,0x0000000740e27248,0x0000000745580000)
 Metaspace       used 20773K, capacity 21003K, committed 21120K, reserved 1069056K
  class space    used 2037K, capacity 2112K, committed 2176K, reserved 1048576K
Event: 10.516 GC heap after
Heap after GC invocations=5 (full 0):
 PSYoungGen      total 38400K, used 5117K [0x0000000795580000, 0x000000079ae80000, 0x00000007c0000000)
  eden space 33280K, 0% used [0x0000000795580000,0x0000000795580000,0x0000000797600000)
  from space 5120K, 99% used [0x0000000797600000,0x0000000797aff450,0x0000000797b00000)
  to   space 12288K, 0% used [0x000000079a280000,0x000000079a280000,0x000000079ae80000)
 ParOldGen       total 87552K, used 19020K [0x0000000740000000, 0x0000000745580000, 0x0000000795580000)
  object space 87552K, 21% used [0x0000000740000000,0x00000007412933d8,0x0000000745580000)
 Metaspace       used 20773K, capacity 21003K, committed 21120K, reserved 1069056K
  class space    used 2037K, capacity 2112K, committed 2176K, reserved 1048576K
}
Event: 10.932 GC heap before
{Heap before GC invocations=6 (full 0):
 PSYoungGen      total 38400K, used 38297K [0x0000000795580000, 0x000000079ae80000, 0x00000007c0000000)
  eden space 33280K, 99% used [0x0000000795580000,0x00000007975e70f8,0x0000000797600000)
  from space 5120K, 99% used [0x0000000797600000,0x0000000797aff450,0x0000000797b00000)
  to   space 12288K, 0% used [0x000000079a280000,0x000000079a280000,0x000000079ae80000)
 ParOldGen       total 87552K, used 19020K [0x0000000740000000, 0x0000000745580000, 0x0000000795580000)
  object space 87552K, 21% used [0x0000000740000000,0x00000007412933d8,0x0000000745580000)
 Metaspace       used 20790K, capacity 21003K, committed 21120K, reserved 1069056K
  class space    used 2037K, capacity 2112K, committed 2176K, reserved 1048576K
Event: 10.940 GC heap after
Heap after GC invocations=6 (full 0):
 PSYoungGen      total 78848K, used 9805K [0x0000000795580000, 0x000000079ae80000, 0x00000007c0000000)
  eden space 66560K, 0% used [0x0000000795580000,0x0000000795580000,0x0000000799680000)
  from space 12288K, 79% used [0x000000079a280000,0x000000079ac13580,0x000000079ae80000)
  to   space 12288K, 0% used [0x0000000799680000,0x0000000799680000,0x000000079a280000)
 ParOldGen       total 87552K, used 19020K [0x0000000740000000, 0x0000000745580000, 0x0000000795580000)
  object space 87552K, 21% used [0x0000000740000000,0x00000007412933d8,0x0000000745580000)
 Metaspace       used 20790K, capacity 21003K, committed 21120K, reserved 1069056K
  class space    used 2037K, capacity 2112K, committed 2176K, reserved 1048576K
}
Event: 18.941 GC heap before
{Heap before GC invocations=7 (full 0):
 PSYoungGen      total 78848K, used 49126K [0x0000000795580000, 0x000000079ae80000, 0x00000007c0000000)
  eden space 66560K, 59% used [0x0000000795580000,0x0000000797be64f0,0x0000000799680000)
  from space 12288K, 79% used [0x000000079a280000,0x000000079ac13580,0x000000079ae80000)
  to   space 12288K, 0% used [0x0000000799680000,0x0000000799680000,0x000000079a280000)
 ParOldGen       total 87552K, used 19020K [0x0000000740000000, 0x0000000745580000, 0x0000000795580000)
  object space 87552K, 21% used [0x0000000740000000,0x00000007412933d8,0x0000000745580000)
 Metaspace       used 20966K, capacity 21131K, committed 21296K, reserved 1069056K
  class space    used 2037K, capacity 2112K, committed 2176K, reserved 1048576K
Event: 18.951 GC heap after
Heap after GC invocations=7 (full 0):
 PSYoungGen      total 78848K, used 8928K [0x0000000795580000, 0x000000079ee80000, 0x00000007c0000000)
  eden space 66560K, 0% used [0x0000000795580000,0x0000000795580000,0x0000000799680000)
  from space 12288K, 72% used [0x0000000799680000,0x0000000799f38220,0x000000079a280000)
  to   space 11776K, 0% used [0x000000079e300000,0x000000079e300000,0x000000079ee80000)
 ParOldGen       total 87552K, used 21987K [0x0000000740000000, 0x0000000745580000, 0x0000000795580000)
  object space 87552K, 25% used [0x0000000740000000,0x0000000741578d38,0x0000000745580000)
 Metaspace       used 20966K, capacity 21131K, committed 21296K, reserved 1069056K
  class space    used 2037K, capacity 2112K, committed 2176K, reserved 1048576K
}
Event: 18.951 GC heap before
{Heap before GC invocations=8 (full 1):
 PSYoungGen      total 78848K, used 8928K [0x0000000795580000, 0x000000079ee80000, 0x00000007c0000000)
  eden space 66560K, 0% used [0x0000000795580000,0x0000000795580000,0x0000000799680000)
  from space 12288K, 72% used [0x0000000799680000,0x0000000799f38220,0x000000079a280000)
  to   space 11776K, 0% used [0x000000079e300000,0x000000079e300000,0x000000079ee80000)
 ParOldGen       total 87552K, used 21987K [0x0000000740000000, 0x0000000745580000, 0x0000000795580000)
  object space 87552K, 25% used [0x0000000740000000,0x0000000741578d38,0x0000000745580000)
 Metaspace       used 20966K, capacity 21131K, committed 21296K, reserved 1069056K
  class space    used 2037K, capacity 2112K, committed 2176K, reserved 1048576K
Event: 19.014 GC heap after
Heap after GC invocations=8 (full 1):
 PSYoungGen      total 78848K, used 0K [0x0000000795580000, 0x000000079ee80000, 0x00000007c0000000)
  eden space 66560K, 0% used [0x0000000795580000,0x0000000795580000,0x0000000799680000)
  from space 12288K, 0% used [0x0000000799680000,0x0000000799680000,0x000000079a280000)
  to   space 11776K, 0% used [0x000000079e300000,0x000000079e300000,0x000000079ee80000)
 ParOldGen       total 75776K, used 28049K [0x0000000740000000, 0x0000000744a00000, 0x0000000795580000)
  object space 75776K, 37% used [0x0000000740000000,0x0000000741b64750,0x0000000744a00000)
 Metaspace       used 20966K, capacity 21131K, committed 21296K, reserved 1069056K
  class space    used 2037K, capacity 2112K, committed 2176K, reserved 1048576K
}
Event: 33.829 GC heap before
{Heap before GC invocations=9 (full 1):
 PSYoungGen      total 78848K, used 66560K [0x0000000795580000, 0x000000079ee80000, 0x00000007c0000000)
  eden space 66560K, 100% used [0x0000000795580000,0x0000000799680000,0x0000000799680000)
  from space 12288K, 0% used [0x0000000799680000,0x0000000799680000,0x000000079a280000)
  to   space 11776K, 0% used [0x000000079e300000,0x000000079e300000,0x000000079ee80000)
 ParOldGen       total 75776K, used 28049K [0x0000000740000000, 0x0000000744a00000, 0x0000000795580000)
  object space 75776K, 37% used [0x0000000740000000,0x0000000741b64750,0x0000000744a00000)
 Metaspace       used 21079K, capacity 21323K, committed 21552K, reserved 1069056K
  class space    used 2037K, capacity 2112K, committed 2176K, reserved 1048576K
Event: 33.832 GC heap after
Heap after GC invocations=9 (full 1):
 PSYoungGen      total 117248K, used 3424K [0x0000000795580000, 0x000000079e680000, 0x00000007c0000000)
  eden space 113664K, 0% used [0x0000000795580000,0x0000000795580000,0x000000079c480000)
  from space 3584K, 95% used [0x000000079e300000,0x000000079e6580e0,0x000000079e680000)
  to   space 12800K, 0% used [0x000000079cd80000,0x000000079cd80000,0x000000079da00000)
 ParOldGen       total 75776K, used 28057K [0x0000000740000000, 0x0000000744a00000, 0x0000000795580000)
  object space 75776K, 37% used [0x0000000740000000,0x0000000741b66750,0x0000000744a00000)
 Metaspace       used 21079K, capacity 21323K, committed 21552K, reserved 1069056K
  class space    used 2037K, capacity 2112K, committed 2176K, reserved 1048576K
}

