# JRE version: Java(TM) SE Runtime Environment (8.0_60-b27) (build 1.8.0_60-b27)
# Java VM: Java HotSpot(TM) 64-Bit Server VM (25.60-b23 mixed mode bsd-amd64 compressed oops)
Heap:
 PSYoungGen      total 137728K, used 47209K [0x0000000795580000, 0x000000079ec80000, 0x00000007c0000000)
  eden space 132096K, 33% used [0x0000000795580000,0x00000007981326d0,0x000000079d680000)
  from space 5632K, 43% used [0x000000079e700000,0x000000079e968090,0x000000079ec80000)
  to   space 11264K, 0% used [0x000000079d680000,0x000000079d680000,0x000000079e180000)
 ParOldGen       total 53248K, used 16417K [0x0000000740000000, 0x0000000743400000, 0x0000000795580000)
  object space 53248K, 30% used [0x0000000740000000,0x0000000741008608,0x0000000743400000)
 Metaspace       used 23955K, capacity 24223K, committed 24576K, reserved 1071104K
  class space    used 2358K, capacity 2450K, committed 2560K, reserved 1048576K
GC Heap History (10 events):
Event: 31.730 GC heap before
{Heap before GC invocations=7 (full 1):
 PSYoungGen      total 71680K, used 71648K [0x0000000795580000, 0x000000079ca00000, 0x00000007c0000000)
  eden space 66560K, 100% used [0x0000000795580000,0x0000000799680000,0x0000000799680000)
  from space 5120K, 99% used [0x0000000799680000,0x0000000799b78120,0x0000000799b80000)
  to   space 11264K, 0% used [0x000000079bf00000,0x000000079bf00000,0x000000079ca00000)
 ParOldGen       total 53248K, used 13750K [0x0000000740000000, 0x0000000743400000, 0x0000000795580000)
  object space 53248K, 25% used [0x0000000740000000,0x0000000740d6d908,0x0000000743400000)
 Metaspace       used 23924K, capacity 24159K, committed 24576K, reserved 1071104K
  class space    used 2351K, capacity 2450K, committed 2560K, reserved 1048576K
Event: 31.735 GC heap after
Heap after GC invocations=7 (full 1):
 PSYoungGen      total 108032K, used 5088K [0x0000000795580000, 0x000000079d400000, 0x00000007c0000000)
  eden space 96768K, 0% used [0x0000000795580000,0x0000000795580000,0x000000079b400000)
  from space 11264K, 45% used [0x000000079bf00000,0x000000079c3f8100,0x000000079ca00000)
  to   space 11264K, 0% used [0x000000079b400000,0x000000079b400000,0x000000079bf00000)
 ParOldGen       total 53248K, used 13758K [0x0000000740000000, 0x0000000743400000, 0x0000000795580000)
  object space 53248K, 25% used [0x0000000740000000,0x0000000740d6f908,0x0000000743400000)
 Metaspace       used 23924K, capacity 24159K, committed 24576K, reserved 1071104K
  class space    used 2351K, capacity 2450K, committed 2560K, reserved 1048576K
}
Event: 53.235 GC heap before
{Heap before GC invocations=8 (full 1):
 PSYoungGen      total 108032K, used 101856K [0x0000000795580000, 0x000000079d400000, 0x00000007c0000000)
  eden space 96768K, 100% used [0x0000000795580000,0x000000079b400000,0x000000079b400000)
  from space 11264K, 45% used [0x000000079bf00000,0x000000079c3f8100,0x000000079ca00000)
  to   space 11264K, 0% used [0x000000079b400000,0x000000079b400000,0x000000079bf00000)
 ParOldGen       total 53248K, used 13758K [0x0000000740000000, 0x0000000743400000, 0x0000000795580000)
  object space 53248K, 25% used [0x0000000740000000,0x0000000740d6f908,0x0000000743400000)
 Metaspace       used 23924K, capacity 24159K, committed 24576K, reserved 1071104K
  class space    used 2351K, capacity 2450K, committed 2560K, reserved 1048576K
Event: 53.240 GC heap after
Heap after GC invocations=8 (full 1):
 PSYoungGen      total 108032K, used 5024K [0x0000000795580000, 0x000000079fc00000, 0x00000007c0000000)
  eden space 96768K, 0% used [0x0000000795580000,0x0000000795580000,0x000000079b400000)
  from space 11264K, 44% used [0x000000079b400000,0x000000079b8e8100,0x000000079bf00000)
  to   space 10752K, 0% used [0x000000079f180000,0x000000079f180000,0x000000079fc00000)
 ParOldGen       total 53248K, used 13766K [0x0000000740000000, 0x0000000743400000, 0x0000000795580000)
  object space 53248K, 25% used [0x0000000740000000,0x0000000740d71908,0x0000000743400000)
 Metaspace       used 23924K, capacity 24159K, committed 24576K, reserved 1071104K
  class space    used 2351K, capacity 2450K, committed 2560K, reserved 1048576K
}
Event: 74.834 GC heap before
{Heap before GC invocations=9 (full 1):
 PSYoungGen      total 108032K, used 101792K [0x0000000795580000, 0x000000079fc00000, 0x00000007c0000000)
  eden space 96768K, 100% used [0x0000000795580000,0x000000079b400000,0x000000079b400000)
  from space 11264K, 44% used [0x000000079b400000,0x000000079b8e8100,0x000000079bf00000)
  to   space 10752K, 0% used [0x000000079f180000,0x000000079f180000,0x000000079fc00000)
 ParOldGen       total 53248K, used 13766K [0x0000000740000000, 0x0000000743400000, 0x0000000795580000)
  object space 53248K, 25% used [0x0000000740000000,0x0000000740d71908,0x0000000743400000)
 Metaspace       used 23924K, capacity 24159K, committed 24576K, reserved 1071104K
  class space    used 2351K, capacity 2450K, committed 2560K, reserved 1048576K
Event: 74.839 GC heap after
Heap after GC invocations=9 (full 1):
 PSYoungGen      total 147456K, used 2432K [0x0000000795580000, 0x000000079f680000, 0x00000007c0000000)
  eden space 142336K, 0% used [0x0000000795580000,0x0000000795580000,0x000000079e080000)
  from space 5120K, 47% used [0x000000079f180000,0x000000079f3e0090,0x000000079f680000)
  to   space 11264K, 0% used [0x000000079e080000,0x000000079e080000,0x000000079eb80000)
 ParOldGen       total 53248K, used 16417K [0x0000000740000000, 0x0000000743400000, 0x0000000795580000)
  object space 53248K, 30% used [0x0000000740000000,0x0000000741008608,0x0000000743400000)
 Metaspace       used 23924K, capacity 24159K, committed 24576K, reserved 1071104K
  class space    used 2351K, capacity 2450K, committed 2560K, reserved 1048576K
}
Event: 106.298 GC heap before
{Heap before GC invocations=10 (full 1):
 PSYoungGen      total 147456K, used 144768K [0x0000000795580000, 0x000000079f680000, 0x00000007c0000000)
  eden space 142336K, 100% used [0x0000000795580000,0x000000079e080000,0x000000079e080000)
  from space 5120K, 47% used [0x000000079f180000,0x000000079f3e0090,0x000000079f680000)
  to   space 11264K, 0% used [0x000000079e080000,0x000000079e080000,0x000000079eb80000)
 ParOldGen       total 53248K, used 16417K [0x0000000740000000, 0x0000000743400000, 0x0000000795580000)
  object space 53248K, 30% used [0x0000000740000000,0x0000000741008608,0x0000000743400000)
 Metaspace       used 23924K, capacity 24159K, committed 24576K, reserved 1071104K
  class space    used 2351K, capacity 2450K, committed 2560K, reserved 1048576K
Event: 106.301 GC heap after
Heap after GC invocations=10 (full 1):
 PSYoungGen      total 139776K, used 2464K [0x0000000795580000, 0x000000079f200000, 0x00000007c0000000)
  eden space 137216K, 0% used [0x0000000795580000,0x0000000795580000,0x000000079db80000)
  from space 2560K, 96% used [0x000000079e080000,0x000000079e2e8090,0x000000079e300000)
  to   space 11264K, 0% used [0x000000079e700000,0x000000079e700000,0x000000079f200000)
 ParOldGen       total 53248K, used 16417K [0x0000000740000000, 0x0000000743400000, 0x0000000795580000)
  object space 53248K, 30% used [0x0000000740000000,0x0000000741008608,0x0000000743400000)
 Metaspace       used 23924K, capacity 24159K, committed 24576K, reserved 1071104K
  class space    used 2351K, capacity 2450K, committed 2560K, reserved 1048576K
}
Event: 137.029 GC heap before
{Heap before GC invocations=11 (full 1):
 PSYoungGen      total 139776K, used 139680K [0x0000000795580000, 0x000000079f200000, 0x00000007c0000000)
  eden space 137216K, 100% used [0x0000000795580000,0x000000079db80000,0x000000079db80000)
  from space 2560K, 96% used [0x000000079e080000,0x000000079e2e8090,0x000000079e300000)
  to   space 11264K, 0% used [0x000000079e700000,0x000000079e700000,0x000000079f200000)
 ParOldGen       total 53248K, used 16417K [0x0000000740000000, 0x0000000743400000, 0x0000000795580000)
  object space 53248K, 30% used [0x0000000740000000,0x0000000741008608,0x0000000743400000)
 Metaspace       used 23925K, capacity 24159K, committed 24576K, reserved 1071104K
  class space    used 2351K, capacity 2450K, committed 2560K, reserved 1048576K
Event: 137.031 GC heap after
Heap after GC invocations=11 (full 1):
 PSYoungGen      total 137728K, used 2464K [0x0000000795580000, 0x000000079ec80000, 0x00000007c0000000)
  eden space 132096K, 0% used [0x0000000795580000,0x0000000795580000,0x000000079d680000)
  from space 5632K, 43% used [0x000000079e700000,0x000000079e968090,0x000000079ec80000)
  to   space 11264K, 0% used [0x000000079d680000,0x000000079d680000,0x000000079e180000)
 ParOldGen       total 53248K, used 16417K [0x0000000740000000, 0x0000000743400000, 0x0000000795580000)
  object space 53248K, 30% used [0x0000000740000000,0x0000000741008608,0x0000000743400000)
 Metaspace       used 23925K, capacity 24159K, committed 24576K, reserved 1071104K
  class space    used 2351K, capacity 2450K, committed 2560K, reserved 1048576K
}

