# JRE version: Java(TM) SE Runtime Environment (8.0_60-b27) (build 1.8.0_60-b27)
# Java VM: Java HotSpot(TM) 64-Bit Server VM (25.60-b23 mixed mode bsd-amd64 compressed oops)
Heap:
 PSYoungGen      total 31232K, used 14316K [0x0000000795580000, 0x0000000798880000, 0x00000007c0000000)
  eden space 17920K, 9% used [0x0000000795580000,0x0000000795722fd0,0x0000000796700000)
  from space 13312K, 94% used [0x0000000797680000,0x00000007982d8320,0x0000000798380000)
  to   space 15872K, 0% used [0x0000000796700000,0x0000000796700000,0x0000000797680000)
 ParOldGen       total 100864K, used 73342K [0x0000000740000000, 0x0000000746280000, 0x0000000795580000)
  object space 100864K, 72% used [0x0000000740000000,0x000000074479fb60,0x0000000746280000)
 Metaspace       used 21427K, capacity 21647K, committed 21808K, reserved 1069056K
  class space    used 2045K, capacity 2112K, committed 2176K, reserved 1048576K
GC Heap History (10 events):
Event: 181.997 GC heap before
{Heap before GC invocations=40 (full 2):
 PSYoungGen      total 25600K, used 25424K [0x0000000795580000, 0x0000000797980000, 0x00000007c0000000)
  eden space 23552K, 100% used [0x0000000795580000,0x0000000796c80000,0x0000000796c80000)
  from space 2048K, 91% used [0x0000000796c80000,0x0000000796e54090,0x0000000796e80000)
  to   space 6656K, 0% used [0x0000000797300000,0x0000000797300000,0x0000000797980000)
 ParOldGen       total 100864K, used 64062K [0x0000000740000000, 0x0000000746280000, 0x0000000795580000)
  object space 100864K, 63% used [0x0000000740000000,0x0000000743e8f920,0x0000000746280000)
 Metaspace       used 21283K, capacity 21519K, committed 21808K, reserved 1069056K
  class space    used 2037K, capacity 2112K, committed 2176K, reserved 1048576K
Event: 181.999 GC heap after
Heap after GC invocations=40 (full 2):
 PSYoungGen      total 29184K, used 4896K [0x0000000795580000, 0x0000000797b80000, 0x00000007c0000000)
  eden space 22528K, 0% used [0x0000000795580000,0x0000000795580000,0x0000000796b80000)
  from space 6656K, 73% used [0x0000000797300000,0x00000007977c8140,0x0000000797980000)
  to   space 7680K, 0% used [0x0000000796b80000,0x0000000796b80000,0x0000000797300000)
 ParOldGen       total 100864K, used 64094K [0x0000000740000000, 0x0000000746280000, 0x0000000795580000)
  object space 100864K, 63% used [0x0000000740000000,0x0000000743e97920,0x0000000746280000)
 Metaspace       used 21283K, capacity 21519K, committed 21808K, reserved 1069056K
  class space    used 2037K, capacity 2112K, committed 2176K, reserved 1048576K
}
Event: 182.299 GC heap before
{Heap before GC invocations=41 (full 2):
 PSYoungGen      total 29184K, used 27408K [0x0000000795580000, 0x0000000797b80000, 0x00000007c0000000)
  eden space 22528K, 99% used [0x0000000795580000,0x0000000796b7bf68,0x0000000796b80000)
  from space 6656K, 73% used [0x0000000797300000,0x00000007977c8140,0x0000000797980000)
  to   space 7680K, 0% used [0x0000000796b80000,0x0000000796b80000,0x0000000797300000)
 ParOldGen       total 100864K, used 64094K [0x0000000740000000, 0x0000000746280000, 0x0000000795580000)
  object space 100864K, 63% used [0x0000000740000000,0x0000000743e97920,0x0000000746280000)
 Metaspace       used 21309K, capacity 21519K, committed 21808K, reserved 1069056K
  class space    used 2037K, capacity 2112K, committed 2176K, reserved 1048576K
Event: 182.302 GC heap after
Heap after GC invocations=41 (full 2):
 PSYoungGen      total 30208K, used 7504K [0x0000000795580000, 0x0000000797d80000, 0x00000007c0000000)
  eden space 22528K, 0% used [0x0000000795580000,0x0000000795580000,0x0000000796b80000)
  from space 7680K, 97% used [0x0000000796b80000,0x00000007972d41f0,0x0000000797300000)
  to   space 9216K, 0% used [0x0000000797480000,0x0000000797480000,0x0000000797d80000)
 ParOldGen       total 100864K, used 66670K [0x0000000740000000, 0x0000000746280000, 0x0000000795580000)
  object space 100864K, 66% used [0x0000000740000000,0x000000074411b9c0,0x0000000746280000)
 Metaspace       used 21309K, capacity 21519K, committed 21808K, reserved 1069056K
  class space    used 2037K, capacity 2112K, committed 2176K, reserved 1048576K
}
Event: 182.598 GC heap before
{Heap before GC invocations=42 (full 2):
 PSYoungGen      total 30208K, used 29924K [0x0000000795580000, 0x0000000797d80000, 0x00000007c0000000)
  eden space 22528K, 99% used [0x0000000795580000,0x0000000796b65080,0x0000000796b80000)
  from space 7680K, 97% used [0x0000000796b80000,0x00000007972d41f0,0x0000000797300000)
  to   space 9216K, 0% used [0x0000000797480000,0x0000000797480000,0x0000000797d80000)
 ParOldGen       total 100864K, used 66670K [0x0000000740000000, 0x0000000746280000, 0x0000000795580000)
  object space 100864K, 66% used [0x0000000740000000,0x000000074411b9c0,0x0000000746280000)
 Metaspace       used 21381K, capacity 21583K, committed 21808K, reserved 1069056K
  class space    used 2037K, capacity 2112K, committed 2176K, reserved 1048576K
Event: 182.604 GC heap after
Heap after GC invocations=42 (full 2):
 PSYoungGen      total 29696K, used 9136K [0x0000000795580000, 0x0000000798180000, 0x00000007c0000000)
  eden space 20480K, 0% used [0x0000000795580000,0x0000000795580000,0x0000000796980000)
  from space 9216K, 99% used [0x0000000797480000,0x0000000797d6c260,0x0000000797d80000)
  to   space 11264K, 0% used [0x0000000796980000,0x0000000796980000,0x0000000797480000)
 ParOldGen       total 100864K, used 70518K [0x0000000740000000, 0x0000000746280000, 0x0000000795580000)
  object space 100864K, 69% used [0x0000000740000000,0x00000007444ddab0,0x0000000746280000)
 Metaspace       used 21381K, capacity 21583K, committed 21808K, reserved 1069056K
  class space    used 2037K, capacity 2112K, committed 2176K, reserved 1048576K
}
Event: 183.532 GC heap before
{Heap before GC invocations=43 (full 2):
 PSYoungGen      total 29696K, used 29616K [0x0000000795580000, 0x0000000798180000, 0x00000007c0000000)
  eden space 20480K, 100% used [0x0000000795580000,0x0000000796980000,0x0000000796980000)
  from space 9216K, 99% used [0x0000000797480000,0x0000000797d6c260,0x0000000797d80000)
  to   space 11264K, 0% used [0x0000000796980000,0x0000000796980000,0x0000000797480000)
 ParOldGen       total 100864K, used 70518K [0x0000000740000000, 0x0000000746280000, 0x0000000795580000)
  object space 100864K, 69% used [0x0000000740000000,0x00000007444ddab0,0x0000000746280000)
 Metaspace       used 21392K, capacity 21583K, committed 21808K, reserved 1069056K
  class space    used 2037K, capacity 2112K, committed 2176K, reserved 1048576K
Event: 183.536 GC heap after
Heap after GC invocations=43 (full 2):
 PSYoungGen      total 31744K, used 11152K [0x0000000795580000, 0x0000000798380000, 0x00000007c0000000)
  eden space 20480K, 0% used [0x0000000795580000,0x0000000795580000,0x0000000796980000)
  from space 11264K, 99% used [0x0000000796980000,0x00000007974642d0,0x0000000797480000)
  to   space 13312K, 0% used [0x0000000797680000,0x0000000797680000,0x0000000798380000)
 ParOldGen       total 100864K, used 73342K [0x0000000740000000, 0x0000000746280000, 0x0000000795580000)
  object space 100864K, 72% used [0x0000000740000000,0x000000074479fb60,0x0000000746280000)
 Metaspace       used 21392K, capacity 21583K, committed 21808K, reserved 1069056K
  class space    used 2037K, capacity 2112K, committed 2176K, reserved 1048576K
}
Event: 186.246 GC heap before
{Heap before GC invocations=44 (full 2):
 PSYoungGen      total 31744K, used 31632K [0x0000000795580000, 0x0000000798380000, 0x00000007c0000000)
  eden space 20480K, 100% used [0x0000000795580000,0x0000000796980000,0x0000000796980000)
  from space 11264K, 99% used [0x0000000796980000,0x00000007974642d0,0x0000000797480000)
  to   space 13312K, 0% used [0x0000000797680000,0x0000000797680000,0x0000000798380000)
 ParOldGen       total 100864K, used 73342K [0x0000000740000000, 0x0000000746280000, 0x0000000795580000)
  object space 100864K, 72% used [0x0000000740000000,0x000000074479fb60,0x0000000746280000)
 Metaspace       used 21393K, capacity 21583K, committed 21808K, reserved 1069056K
  class space    used 2037K, capacity 2112K, committed 2176K, reserved 1048576K
Event: 186.254 GC heap after
Heap after GC invocations=44 (full 2):
 PSYoungGen      total 31232K, used 12640K [0x0000000795580000, 0x0000000798880000, 0x00000007c0000000)
  eden space 17920K, 0% used [0x0000000795580000,0x0000000795580000,0x0000000796700000)
  from space 13312K, 94% used [0x0000000797680000,0x00000007982d8320,0x0000000798380000)
  to   space 15872K, 0% used [0x0000000796700000,0x0000000796700000,0x0000000797680000)
 ParOldGen       total 100864K, used 73342K [0x0000000740000000, 0x0000000746280000, 0x0000000795580000)
  object space 100864K, 72% used [0x0000000740000000,0x000000074479fb60,0x0000000746280000)
 Metaspace       used 21393K, capacity 21583K, committed 21808K, reserved 1069056K
  class space    used 2037K, capacity 2112K, committed 2176K, reserved 1048576K
}

