# JRE version: Java(TM) SE Runtime Environment (8.0_60-b27) (build 1.8.0_60-b27)
# Java VM: Java HotSpot(TM) 64-Bit Server VM (25.60-b23 mixed mode bsd-amd64 compressed oops)
Heap:
 PSYoungGen      total 133120K, used 128045K [0x0000000795580000, 0x000000079f980000, 0x00000007c0000000)
  eden space 116736K, 95% used [0x0000000795580000,0x000000079c28ff98,0x000000079c780000)
  from space 16384K, 99% used [0x000000079dd00000,0x000000079ecfb7b0,0x000000079ed00000)
  to   space 22016K, 0% used [0x000000079c780000,0x000000079c780000,0x000000079dd00000)
 ParOldGen       total 60416K, used 30333K [0x0000000740000000, 0x0000000743b00000, 0x0000000795580000)
  object space 60416K, 50% used [0x0000000740000000,0x0000000741d9f7b8,0x0000000743b00000)
 Metaspace       used 24352K, capacity 24625K, committed 25088K, reserved 1071104K
  class space    used 2362K, capacity 2451K, committed 2560K, reserved 1048576K
GC Heap History (10 events):
Event: 20.765 GC heap before
{Heap before GC invocations=7 (full 1):
 PSYoungGen      total 71680K, used 71645K [0x0000000795580000, 0x000000079b580000, 0x00000007c0000000)
  eden space 66560K, 100% used [0x0000000795580000,0x0000000799680000,0x0000000799680000)
  from space 5120K, 99% used [0x0000000799680000,0x0000000799b774f0,0x0000000799b80000)
  to   space 10752K, 0% used [0x000000079ab00000,0x000000079ab00000,0x000000079b580000)
 ParOldGen       total 60416K, used 13300K [0x0000000740000000, 0x0000000743b00000, 0x0000000795580000)
  object space 60416K, 22% used [0x0000000740000000,0x0000000740cfd398,0x0000000743b00000)
 Metaspace       used 24061K, capacity 24369K, committed 24832K, reserved 1071104K
  class space    used 2353K, capacity 2451K, committed 2560K, reserved 1048576K
Event: 20.771 GC heap after
Heap after GC invocations=7 (full 1):
 PSYoungGen      total 87552K, used 5117K [0x0000000795580000, 0x000000079c680000, 0x00000007c0000000)
  eden space 76800K, 0% used [0x0000000795580000,0x0000000795580000,0x000000079a080000)
  from space 10752K, 47% used [0x000000079ab00000,0x000000079afff4f0,0x000000079b580000)
  to   space 10752K, 0% used [0x000000079a080000,0x000000079a080000,0x000000079ab00000)
 ParOldGen       total 60416K, used 13308K [0x0000000740000000, 0x0000000743b00000, 0x0000000795580000)
  object space 60416K, 22% used [0x0000000740000000,0x0000000740cff398,0x0000000743b00000)
 Metaspace       used 24061K, capacity 24369K, committed 24832K, reserved 1071104K
  class space    used 2353K, capacity 2451K, committed 2560K, reserved 1048576K
}
Event: 25.253 GC heap before
{Heap before GC invocations=8 (full 1):
 PSYoungGen      total 87552K, used 81917K [0x0000000795580000, 0x000000079c680000, 0x00000007c0000000)
  eden space 76800K, 100% used [0x0000000795580000,0x000000079a080000,0x000000079a080000)
  from space 10752K, 47% used [0x000000079ab00000,0x000000079afff4f0,0x000000079b580000)
  to   space 10752K, 0% used [0x000000079a080000,0x000000079a080000,0x000000079ab00000)
 ParOldGen       total 60416K, used 13308K [0x0000000740000000, 0x0000000743b00000, 0x0000000795580000)
  object space 60416K, 22% used [0x0000000740000000,0x0000000740cff398,0x0000000743b00000)
 Metaspace       used 24099K, capacity 24369K, committed 24832K, reserved 1071104K
  class space    used 2355K, capacity 2451K, committed 2560K, reserved 1048576K
Event: 25.261 GC heap after
Heap after GC invocations=8 (full 1):
 PSYoungGen      total 87552K, used 9917K [0x0000000795580000, 0x000000079d300000, 0x00000007c0000000)
  eden space 76800K, 0% used [0x0000000795580000,0x0000000795580000,0x000000079a080000)
  from space 10752K, 92% used [0x000000079a080000,0x000000079aa2f610,0x000000079ab00000)
  to   space 11776K, 0% used [0x000000079c780000,0x000000079c780000,0x000000079d300000)
 ParOldGen       total 60416K, used 13316K [0x0000000740000000, 0x0000000743b00000, 0x0000000795580000)
  object space 60416K, 22% used [0x0000000740000000,0x0000000740d01398,0x0000000743b00000)
 Metaspace       used 24099K, capacity 24369K, committed 24832K, reserved 1071104K
  class space    used 2355K, capacity 2451K, committed 2560K, reserved 1048576K
}
Event: 27.221 GC heap before
{Heap before GC invocations=9 (full 1):
 PSYoungGen      total 87552K, used 86578K [0x0000000795580000, 0x000000079d300000, 0x00000007c0000000)
  eden space 76800K, 99% used [0x0000000795580000,0x000000079a05d448,0x000000079a080000)
  from space 10752K, 92% used [0x000000079a080000,0x000000079aa2f610,0x000000079ab00000)
  to   space 11776K, 0% used [0x000000079c780000,0x000000079c780000,0x000000079d300000)
 ParOldGen       total 60416K, used 13316K [0x0000000740000000, 0x0000000743b00000, 0x0000000795580000)
  object space 60416K, 22% used [0x0000000740000000,0x0000000740d01398,0x0000000743b00000)
 Metaspace       used 24125K, capacity 24433K, committed 24832K, reserved 1071104K
  class space    used 2355K, capacity 2451K, committed 2560K, reserved 1048576K
Event: 27.229 GC heap after
Heap after GC invocations=9 (full 1):
 PSYoungGen      total 115200K, used 11773K [0x0000000795580000, 0x000000079d480000, 0x00000007c0000000)
  eden space 103424K, 0% used [0x0000000795580000,0x0000000795580000,0x000000079ba80000)
  from space 11776K, 99% used [0x000000079c780000,0x000000079d2ff6a0,0x000000079d300000)
  to   space 13312K, 0% used [0x000000079ba80000,0x000000079ba80000,0x000000079c780000)
 ParOldGen       total 60416K, used 18189K [0x0000000740000000, 0x0000000743b00000, 0x0000000795580000)
  object space 60416K, 30% used [0x0000000740000000,0x00000007411c34c8,0x0000000743b00000)
 Metaspace       used 24125K, capacity 24433K, committed 24832K, reserved 1071104K
  class space    used 2355K, capacity 2451K, committed 2560K, reserved 1048576K
}
Event: 33.606 GC heap before
{Heap before GC invocations=10 (full 1):
 PSYoungGen      total 115200K, used 115197K [0x0000000795580000, 0x000000079d480000, 0x00000007c0000000)
  eden space 103424K, 100% used [0x0000000795580000,0x000000079ba80000,0x000000079ba80000)
  from space 11776K, 99% used [0x000000079c780000,0x000000079d2ff6a0,0x000000079d300000)
  to   space 13312K, 0% used [0x000000079ba80000,0x000000079ba80000,0x000000079c780000)
 ParOldGen       total 60416K, used 18189K [0x0000000740000000, 0x0000000743b00000, 0x0000000795580000)
  object space 60416K, 30% used [0x0000000740000000,0x00000007411c34c8,0x0000000743b00000)
 Metaspace       used 24172K, capacity 24433K, committed 24832K, reserved 1071104K
  class space    used 2355K, capacity 2451K, committed 2560K, reserved 1048576K
Event: 33.616 GC heap after
Heap after GC invocations=10 (full 1):
 PSYoungGen      total 116736K, used 13309K [0x0000000795580000, 0x000000079ed00000, 0x00000007c0000000)
  eden space 103424K, 0% used [0x0000000795580000,0x0000000795580000,0x000000079ba80000)
  from space 13312K, 99% used [0x000000079ba80000,0x000000079c77f6e0,0x000000079c780000)
  to   space 16384K, 0% used [0x000000079dd00000,0x000000079dd00000,0x000000079ed00000)
 ParOldGen       total 60416K, used 22069K [0x0000000740000000, 0x0000000743b00000, 0x0000000795580000)
  object space 60416K, 36% used [0x0000000740000000,0x000000074158d5b8,0x0000000743b00000)
 Metaspace       used 24172K, capacity 24433K, committed 24832K, reserved 1071104K
  class space    used 2355K, capacity 2451K, committed 2560K, reserved 1048576K
}
Event: 35.375 GC heap before
{Heap before GC invocations=11 (full 1):
 PSYoungGen      total 116736K, used 116726K [0x0000000795580000, 0x000000079ed00000, 0x00000007c0000000)
  eden space 103424K, 99% used [0x0000000795580000,0x000000079ba7e510,0x000000079ba80000)
  from space 13312K, 99% used [0x000000079ba80000,0x000000079c77f6e0,0x000000079c780000)
  to   space 16384K, 0% used [0x000000079dd00000,0x000000079dd00000,0x000000079ed00000)
 ParOldGen       total 60416K, used 22069K [0x0000000740000000, 0x0000000743b00000, 0x0000000795580000)
  object space 60416K, 36% used [0x0000000740000000,0x000000074158d5b8,0x0000000743b00000)
 Metaspace       used 24272K, capacity 24561K, committed 24832K, reserved 1071104K
  class space    used 2355K, capacity 2451K, committed 2560K, reserved 1048576K
Event: 35.388 GC heap after
Heap after GC invocations=11 (full 1):
 PSYoungGen      total 133120K, used 16365K [0x0000000795580000, 0x000000079f980000, 0x00000007c0000000)
  eden space 116736K, 0% used [0x0000000795580000,0x0000000795580000,0x000000079c780000)
  from space 16384K, 99% used [0x000000079dd00000,0x000000079ecfb7b0,0x000000079ed00000)
  to   space 22016K, 0% used [0x000000079c780000,0x000000079c780000,0x000000079dd00000)
 ParOldGen       total 60416K, used 30333K [0x0000000740000000, 0x0000000743b00000, 0x0000000795580000)
  object space 60416K, 50% used [0x0000000740000000,0x0000000741d9f7b8,0x0000000743b00000)
 Metaspace       used 24272K, capacity 24561K, committed 24832K, reserved 1071104K
  class space    used 2355K, capacity 2451K, committed 2560K, reserved 1048576K
}

