# JRE version: Java(TM) SE Runtime Environment (8.0_60-b27) (build 1.8.0_60-b27)
# Java VM: Java HotSpot(TM) 64-Bit Server VM (25.60-b23 mixed mode bsd-amd64 compressed oops)
Heap:
 PSYoungGen      total 160256K, used 80485K [0x0000000795580000, 0x00000007a0e80000, 0x00000007c0000000)
  eden space 133120K, 53% used [0x0000000795580000,0x0000000799ad1280,0x000000079d780000)
  from space 27136K, 35% used [0x000000079f400000,0x000000079fd48220,0x00000007a0e80000)
  to   space 28160K, 0% used [0x000000079d780000,0x000000079d780000,0x000000079f300000)
 ParOldGen       total 87552K, used 51168K [0x0000000740000000, 0x0000000745580000, 0x0000000795580000)
  object space 87552K, 58% used [0x0000000740000000,0x00000007431f8158,0x0000000745580000)
 Metaspace       used 19116K, capacity 19339K, committed 19456K, reserved 1067008K
  class space    used 1879K, capacity 1982K, committed 2048K, reserved 1048576K
GC Heap History (10 events):
Event: 5.799 GC heap before
{Heap before GC invocations=2 (full 0):
 PSYoungGen      total 38400K, used 38343K [0x0000000795580000, 0x0000000798000000, 0x00000007c0000000)
  eden space 33280K, 100% used [0x0000000795580000,0x0000000797600000,0x0000000797600000)
  from space 5120K, 98% used [0x0000000797600000,0x0000000797af1df0,0x0000000797b00000)
  to   space 5120K, 0% used [0x0000000797b00000,0x0000000797b00000,0x0000000798000000)
 ParOldGen       total 87552K, used 16K [0x0000000740000000, 0x0000000745580000, 0x0000000795580000)
  object space 87552K, 0% used [0x0000000740000000,0x0000000740004000,0x0000000745580000)
 Metaspace       used 17545K, capacity 17727K, committed 18048K, reserved 1064960K
  class space    used 1773K, capacity 1852K, committed 1920K, reserved 1048576K
Event: 5.813 GC heap after
Heap after GC invocations=2 (full 0):
 PSYoungGen      total 38400K, used 5112K [0x0000000795580000, 0x0000000798000000, 0x00000007c0000000)
  eden space 33280K, 0% used [0x0000000795580000,0x0000000795580000,0x0000000797600000)
  from space 5120K, 99% used [0x0000000797b00000,0x0000000797ffe0a8,0x0000000798000000)
  to   space 5120K, 0% used [0x0000000797600000,0x0000000797600000,0x0000000797b00000)
 ParOldGen       total 87552K, used 6326K [0x0000000740000000, 0x0000000745580000, 0x0000000795580000)
  object space 87552K, 7% used [0x0000000740000000,0x000000074062d868,0x0000000745580000)
 Metaspace       used 17545K, capacity 17727K, committed 18048K, reserved 1064960K
  class space    used 1773K, capacity 1852K, committed 1920K, reserved 1048576K
}
Event: 6.002 GC heap before
{Heap before GC invocations=3 (full 0):
 PSYoungGen      total 38400K, used 38392K [0x0000000795580000, 0x0000000798000000, 0x00000007c0000000)
  eden space 33280K, 100% used [0x0000000795580000,0x0000000797600000,0x0000000797600000)
  from space 5120K, 99% used [0x0000000797b00000,0x0000000797ffe0a8,0x0000000798000000)
  to   space 5120K, 0% used [0x0000000797600000,0x0000000797600000,0x0000000797b00000)
 ParOldGen       total 87552K, used 6326K [0x0000000740000000, 0x0000000745580000, 0x0000000795580000)
  object space 87552K, 7% used [0x0000000740000000,0x000000074062d868,0x0000000745580000)
 Metaspace       used 17590K, capacity 17791K, committed 18048K, reserved 1064960K
  class space    used 1778K, capacity 1852K, committed 1920K, reserved 1048576K
Event: 6.021 GC heap after
Heap after GC invocations=3 (full 0):
 PSYoungGen      total 38400K, used 5117K [0x0000000795580000, 0x000000079a080000, 0x00000007c0000000)
  eden space 33280K, 0% used [0x0000000795580000,0x0000000795580000,0x0000000797600000)
  from space 5120K, 99% used [0x0000000797600000,0x0000000797aff428,0x0000000797b00000)
  to   space 5120K, 0% used [0x0000000799b80000,0x0000000799b80000,0x000000079a080000)
 ParOldGen       total 87552K, used 20373K [0x0000000740000000, 0x0000000745580000, 0x0000000795580000)
  object space 87552K, 23% used [0x0000000740000000,0x00000007413e54a0,0x0000000745580000)
 Metaspace       used 17590K, capacity 17791K, committed 18048K, reserved 1064960K
  class space    used 1778K, capacity 1852K, committed 1920K, reserved 1048576K
}
Event: 6.075 GC heap before
{Heap before GC invocations=4 (full 0):
 PSYoungGen      total 38400K, used 38397K [0x0000000795580000, 0x000000079a080000, 0x00000007c0000000)
  eden space 33280K, 100% used [0x0000000795580000,0x0000000797600000,0x0000000797600000)
  from space 5120K, 99% used [0x0000000797600000,0x0000000797aff428,0x0000000797b00000)
  to   space 5120K, 0% used [0x0000000799b80000,0x0000000799b80000,0x000000079a080000)
 ParOldGen       total 87552K, used 20373K [0x0000000740000000, 0x0000000745580000, 0x0000000795580000)
  object space 87552K, 23% used [0x0000000740000000,0x00000007413e54a0,0x0000000745580000)
 Metaspace       used 17590K, capacity 17791K, committed 18048K, reserved 1064960K
  class space    used 1778K, capacity 1852K, committed 1920K, reserved 1048576K
Event: 6.109 GC heap after
Heap after GC invocations=4 (full 0):
 PSYoungGen      total 71680K, used 5101K [0x0000000795580000, 0x000000079a080000, 0x00000007c0000000)
  eden space 66560K, 0% used [0x0000000795580000,0x0000000795580000,0x0000000799680000)
  from space 5120K, 99% used [0x0000000799b80000,0x000000079a07b438,0x000000079a080000)
  to   space 5120K, 0% used [0x0000000799680000,0x0000000799680000,0x0000000799b80000)
 ParOldGen       total 87552K, used 33875K [0x0000000740000000, 0x0000000745580000, 0x0000000795580000)
  object space 87552K, 38% used [0x0000000740000000,0x0000000742114c40,0x0000000745580000)
 Metaspace       used 17590K, capacity 17791K, committed 18048K, reserved 1064960K
  class space    used 1778K, capacity 1852K, committed 1920K, reserved 1048576K
}
Event: 8.431 GC heap before
{Heap before GC invocations=5 (full 0):
 PSYoungGen      total 71680K, used 71661K [0x0000000795580000, 0x000000079a080000, 0x00000007c0000000)
  eden space 66560K, 100% used [0x0000000795580000,0x0000000799680000,0x0000000799680000)
  from space 5120K, 99% used [0x0000000799b80000,0x000000079a07b438,0x000000079a080000)
  to   space 5120K, 0% used [0x0000000799680000,0x0000000799680000,0x0000000799b80000)
 ParOldGen       total 87552K, used 33875K [0x0000000740000000, 0x0000000745580000, 0x0000000795580000)
  object space 87552K, 38% used [0x0000000740000000,0x0000000742114c40,0x0000000745580000)
 Metaspace       used 18125K, capacity 18335K, committed 18560K, reserved 1067008K
  class space    used 1812K, capacity 1884K, committed 1920K, reserved 1048576K
Event: 8.467 GC heap after
Heap after GC invocations=5 (full 0):
 PSYoungGen      total 71680K, used 5088K [0x0000000795580000, 0x00000007a1080000, 0x00000007c0000000)
  eden space 66560K, 0% used [0x0000000795580000,0x0000000795580000,0x0000000799680000)
  from space 5120K, 99% used [0x0000000799680000,0x0000000799b78100,0x0000000799b80000)
  to   space 29184K, 0% used [0x000000079f400000,0x000000079f400000,0x00000007a1080000)
 ParOldGen       total 87552K, used 51168K [0x0000000740000000, 0x0000000745580000, 0x0000000795580000)
  object space 87552K, 58% used [0x0000000740000000,0x00000007431f8158,0x0000000745580000)
 Metaspace       used 18125K, capacity 18335K, committed 18560K, reserved 1067008K
  class space    used 1812K, capacity 1884K, committed 1920K, reserved 1048576K
}
Event: 14.134 GC heap before
{Heap before GC invocations=6 (full 0):
 PSYoungGen      total 71680K, used 71648K [0x0000000795580000, 0x00000007a1080000, 0x00000007c0000000)
  eden space 66560K, 100% used [0x0000000795580000,0x0000000799680000,0x0000000799680000)
  from space 5120K, 99% used [0x0000000799680000,0x0000000799b78100,0x0000000799b80000)
  to   space 29184K, 0% used [0x000000079f400000,0x000000079f400000,0x00000007a1080000)
 ParOldGen       total 87552K, used 51168K [0x0000000740000000, 0x0000000745580000, 0x0000000795580000)
  object space 87552K, 58% used [0x0000000740000000,0x00000007431f8158,0x0000000745580000)
 Metaspace       used 18914K, capacity 19083K, committed 19328K, reserved 1067008K
  class space    used 1871K, capacity 1918K, committed 1920K, reserved 1048576K
Event: 14.148 GC heap after
Heap after GC invocations=6 (full 0):
 PSYoungGen      total 160256K, used 9504K [0x0000000795580000, 0x00000007a0e80000, 0x00000007c0000000)
  eden space 133120K, 0% used [0x0000000795580000,0x0000000795580000,0x000000079d780000)
  from space 27136K, 35% used [0x000000079f400000,0x000000079fd48220,0x00000007a0e80000)
  to   space 28160K, 0% used [0x000000079d780000,0x000000079d780000,0x000000079f300000)
 ParOldGen       total 87552K, used 51168K [0x0000000740000000, 0x0000000745580000, 0x0000000795580000)
  object space 87552K, 58% used [0x0000000740000000,0x00000007431f8158,0x0000000745580000)
 Metaspace       used 18914K, capacity 19083K, committed 19328K, reserved 1067008K
  class space    used 1871K, capacity 1918K, committed 1920K, reserved 1048576K
}

