# JRE version: Java(TM) SE Runtime Environment (8.0_60-b27) (build 1.8.0_60-b27)
# Java VM: Java HotSpot(TM) 64-Bit Server VM (25.60-b23 mixed mode bsd-amd64 compressed oops)
Heap:
 PSYoungGen      total 92672K, used 31796K [0x0000000795580000, 0x000000079c380000, 0x00000007c0000000)
  eden space 79360K, 23% used [0x0000000795580000,0x0000000796794390,0x000000079a300000)
  from space 13312K, 99% used [0x000000079b280000,0x000000079bf78d10,0x000000079bf80000)
  to   space 15872K, 0% used [0x000000079a300000,0x000000079a300000,0x000000079b280000)
 ParOldGen       total 70144K, used 21983K [0x0000000740000000, 0x0000000744480000, 0x0000000795580000)
  object space 70144K, 31% used [0x0000000740000000,0x0000000741577e00,0x0000000744480000)
 Metaspace       used 23794K, capacity 24097K, committed 24320K, reserved 1071104K
  class space    used 2334K, capacity 2449K, committed 2560K, reserved 1048576K
GC Heap History (10 events):
Event: 10.145 GC heap before
{Heap before GC invocations=5 (full 1):
 PSYoungGen      total 38400K, used 38389K [0x0000000795580000, 0x0000000798d80000, 0x00000007c0000000)
  eden space 33280K, 100% used [0x0000000795580000,0x0000000797600000,0x0000000797600000)
  from space 5120K, 99% used [0x0000000797600000,0x0000000797afd4d0,0x0000000797b00000)
  to   space 5120K, 0% used [0x0000000798880000,0x0000000798880000,0x0000000798d80000)
 ParOldGen       total 70144K, used 14532K [0x0000000740000000, 0x0000000744480000, 0x0000000795580000)
  object space 70144K, 20% used [0x0000000740000000,0x0000000740e31250,0x0000000744480000)
 Metaspace       used 23371K, capacity 23613K, committed 23936K, reserved 1071104K
  class space    used 2324K, capacity 2417K, committed 2432K, reserved 1048576K
Event: 10.152 GC heap after
Heap after GC invocations=5 (full 1):
 PSYoungGen      total 50688K, used 4946K [0x0000000795580000, 0x0000000798d80000, 0x00000007c0000000)
  eden space 45568K, 0% used [0x0000000795580000,0x0000000795580000,0x0000000798200000)
  from space 5120K, 96% used [0x0000000798880000,0x0000000798d54b00,0x0000000798d80000)
  to   space 5120K, 0% used [0x0000000798380000,0x0000000798380000,0x0000000798880000)
 ParOldGen       total 70144K, used 16767K [0x0000000740000000, 0x0000000744480000, 0x0000000795580000)
  object space 70144K, 23% used [0x0000000740000000,0x000000074105fca0,0x0000000744480000)
 Metaspace       used 23371K, capacity 23613K, committed 23936K, reserved 1071104K
  class space    used 2324K, capacity 2417K, committed 2432K, reserved 1048576K
}
Event: 12.839 GC heap before
{Heap before GC invocations=6 (full 1):
 PSYoungGen      total 50688K, used 50514K [0x0000000795580000, 0x0000000798d80000, 0x00000007c0000000)
  eden space 45568K, 100% used [0x0000000795580000,0x0000000798200000,0x0000000798200000)
  from space 5120K, 96% used [0x0000000798880000,0x0000000798d54b00,0x0000000798d80000)
  to   space 5120K, 0% used [0x0000000798380000,0x0000000798380000,0x0000000798880000)
 ParOldGen       total 70144K, used 16767K [0x0000000740000000, 0x0000000744480000, 0x0000000795580000)
  object space 70144K, 23% used [0x0000000740000000,0x000000074105fca0,0x0000000744480000)
 Metaspace       used 23481K, capacity 23745K, committed 23936K, reserved 1071104K
  class space    used 2325K, capacity 2417K, committed 2432K, reserved 1048576K
Event: 12.851 GC heap after
Heap after GC invocations=6 (full 1):
 PSYoungGen      total 52224K, used 5106K [0x0000000795580000, 0x000000079a980000, 0x00000007c0000000)
  eden space 47104K, 0% used [0x0000000795580000,0x0000000795580000,0x0000000798380000)
  from space 5120K, 99% used [0x0000000798380000,0x000000079887cb20,0x0000000798880000)
  to   space 12288K, 0% used [0x0000000799d80000,0x0000000799d80000,0x000000079a980000)
 ParOldGen       total 70144K, used 19607K [0x0000000740000000, 0x0000000744480000, 0x0000000795580000)
  object space 70144K, 27% used [0x0000000740000000,0x0000000741325d50,0x0000000744480000)
 Metaspace       used 23481K, capacity 23745K, committed 23936K, reserved 1071104K
  class space    used 2325K, capacity 2417K, committed 2432K, reserved 1048576K
}
Event: 14.682 GC heap before
{Heap before GC invocations=7 (full 1):
 PSYoungGen      total 52224K, used 52210K [0x0000000795580000, 0x000000079a980000, 0x00000007c0000000)
  eden space 47104K, 100% used [0x0000000795580000,0x0000000798380000,0x0000000798380000)
  from space 5120K, 99% used [0x0000000798380000,0x000000079887cb20,0x0000000798880000)
  to   space 12288K, 0% used [0x0000000799d80000,0x0000000799d80000,0x000000079a980000)
 ParOldGen       total 70144K, used 19607K [0x0000000740000000, 0x0000000744480000, 0x0000000795580000)
  object space 70144K, 27% used [0x0000000740000000,0x0000000741325d50,0x0000000744480000)
 Metaspace       used 23619K, capacity 23873K, committed 24192K, reserved 1071104K
  class space    used 2325K, capacity 2417K, committed 2432K, reserved 1048576K
Event: 14.691 GC heap after
Heap after GC invocations=7 (full 1):
 PSYoungGen      total 74240K, used 7954K [0x0000000795580000, 0x000000079aa00000, 0x00000007c0000000)
  eden space 61952K, 0% used [0x0000000795580000,0x0000000795580000,0x0000000799200000)
  from space 12288K, 64% used [0x0000000799d80000,0x000000079a544bd0,0x000000079a980000)
  to   space 11776K, 0% used [0x0000000799200000,0x0000000799200000,0x0000000799d80000)
 ParOldGen       total 70144K, used 19615K [0x0000000740000000, 0x0000000744480000, 0x0000000795580000)
  object space 70144K, 27% used [0x0000000740000000,0x0000000741327d50,0x0000000744480000)
 Metaspace       used 23619K, capacity 23873K, committed 24192K, reserved 1071104K
  class space    used 2325K, capacity 2417K, committed 2432K, reserved 1048576K
}
Event: 17.883 GC heap before
{Heap before GC invocations=8 (full 1):
 PSYoungGen      total 74240K, used 69906K [0x0000000795580000, 0x000000079aa00000, 0x00000007c0000000)
  eden space 61952K, 100% used [0x0000000795580000,0x0000000799200000,0x0000000799200000)
  from space 12288K, 64% used [0x0000000799d80000,0x000000079a544bd0,0x000000079a980000)
  to   space 11776K, 0% used [0x0000000799200000,0x0000000799200000,0x0000000799d80000)
 ParOldGen       total 70144K, used 19615K [0x0000000740000000, 0x0000000744480000, 0x0000000795580000)
  object space 70144K, 27% used [0x0000000740000000,0x0000000741327d50,0x0000000744480000)
 Metaspace       used 23692K, capacity 23937K, committed 24192K, reserved 1071104K
  class space    used 2325K, capacity 2417K, committed 2432K, reserved 1048576K
Event: 17.894 GC heap after
Heap after GC invocations=8 (full 1):
 PSYoungGen      total 73728K, used 11555K [0x0000000795580000, 0x000000079bf80000, 0x00000007c0000000)
  eden space 61952K, 0% used [0x0000000795580000,0x0000000795580000,0x0000000799200000)
  from space 11776K, 98% used [0x0000000799200000,0x0000000799d48ca0,0x0000000799d80000)
  to   space 13312K, 0% used [0x000000079b280000,0x000000079b280000,0x000000079bf80000)
 ParOldGen       total 70144K, used 19879K [0x0000000740000000, 0x0000000744480000, 0x0000000795580000)
  object space 70144K, 28% used [0x0000000740000000,0x0000000741369d60,0x0000000744480000)
 Metaspace       used 23692K, capacity 23937K, committed 24192K, reserved 1071104K
  class space    used 2325K, capacity 2417K, committed 2432K, reserved 1048576K
}
Event: 21.642 GC heap before
{Heap before GC invocations=9 (full 1):
 PSYoungGen      total 73728K, used 73375K [0x0000000795580000, 0x000000079bf80000, 0x00000007c0000000)
  eden space 61952K, 99% used [0x0000000795580000,0x00000007991df1c8,0x0000000799200000)
  from space 11776K, 98% used [0x0000000799200000,0x0000000799d48ca0,0x0000000799d80000)
  to   space 13312K, 0% used [0x000000079b280000,0x000000079b280000,0x000000079bf80000)
 ParOldGen       total 70144K, used 19879K [0x0000000740000000, 0x0000000744480000, 0x0000000795580000)
  object space 70144K, 28% used [0x0000000740000000,0x0000000741369d60,0x0000000744480000)
 Metaspace       used 23748K, capacity 24001K, committed 24192K, reserved 1071104K
  class space    used 2325K, capacity 2417K, committed 2432K, reserved 1048576K
Event: 21.655 GC heap after
Heap after GC invocations=9 (full 1):
 PSYoungGen      total 92672K, used 13283K [0x0000000795580000, 0x000000079c380000, 0x00000007c0000000)
  eden space 79360K, 0% used [0x0000000795580000,0x0000000795580000,0x000000079a300000)
  from space 13312K, 99% used [0x000000079b280000,0x000000079bf78d10,0x000000079bf80000)
  to   space 15872K, 0% used [0x000000079a300000,0x000000079a300000,0x000000079b280000)
 ParOldGen       total 70144K, used 21983K [0x0000000740000000, 0x0000000744480000, 0x0000000795580000)
  object space 70144K, 31% used [0x0000000740000000,0x0000000741577e00,0x0000000744480000)
 Metaspace       used 23748K, capacity 24001K, committed 24192K, reserved 1071104K
  class space    used 2325K, capacity 2417K, committed 2432K, reserved 1048576K
}

