# JRE version: Java(TM) SE Runtime Environment (8.0_60-b27) (build 1.8.0_60-b27)
# Java VM: Java HotSpot(TM) 64-Bit Server VM (25.60-b23 mixed mode bsd-amd64 compressed oops)
Heap:
 PSYoungGen      total 69120K, used 54514K [0x0000000795580000, 0x000000079c980000, 0x00000007c0000000)
  eden space 46080K, 95% used [0x0000000795580000,0x0000000798074918,0x0000000798280000)
  from space 23040K, 45% used [0x0000000798280000,0x0000000798cc8290,0x0000000799900000)
  to   space 22528K, 0% used [0x000000079b380000,0x000000079b380000,0x000000079c980000)
 ParOldGen       total 87552K, used 65836K [0x0000000740000000, 0x0000000745580000, 0x0000000795580000)
  object space 87552K, 75% used [0x0000000740000000,0x000000074404b3b0,0x0000000745580000)
 Metaspace       used 19721K, capacity 19903K, committed 20224K, reserved 1067008K
  class space    used 1885K, capacity 1982K, committed 2048K, reserved 1048576K
GC Heap History (10 events):
Event: 16.843 GC heap before
{Heap before GC invocations=7 (full 0):
 PSYoungGen      total 49152K, used 44707K [0x0000000795580000, 0x0000000799700000, 0x00000007c0000000)
  eden space 32256K, 100% used [0x0000000795580000,0x0000000797500000,0x0000000797500000)
  from space 16896K, 73% used [0x0000000798600000,0x0000000799228cb0,0x0000000799680000)
  to   space 17408K, 0% used [0x0000000797500000,0x0000000797500000,0x0000000798600000)
 ParOldGen       total 87552K, used 28812K [0x0000000740000000, 0x0000000745580000, 0x0000000795580000)
  object space 87552K, 32% used [0x0000000740000000,0x0000000741c231e0,0x0000000745580000)
 Metaspace       used 19516K, capacity 19743K, committed 19968K, reserved 1067008K
  class space    used 1877K, capacity 1950K, committed 2048K, reserved 1048576K
Event: 16.859 GC heap after
Heap after GC invocations=7 (full 0):
 PSYoungGen      total 49152K, used 16416K [0x0000000795580000, 0x0000000799a80000, 0x00000007c0000000)
  eden space 31744K, 0% used [0x0000000795580000,0x0000000795580000,0x0000000797480000)
  from space 17408K, 94% used [0x0000000797500000,0x00000007985083f0,0x0000000798600000)
  to   space 19456K, 0% used [0x0000000798780000,0x0000000798780000,0x0000000799a80000)
 ParOldGen       total 87552K, used 31578K [0x0000000740000000, 0x0000000745580000, 0x0000000795580000)
  object space 87552K, 36% used [0x0000000740000000,0x0000000741ed6b60,0x0000000745580000)
 Metaspace       used 19516K, capacity 19743K, committed 19968K, reserved 1067008K
  class space    used 1877K, capacity 1950K, committed 2048K, reserved 1048576K
}
Event: 17.880 GC heap before
{Heap before GC invocations=8 (full 0):
 PSYoungGen      total 49152K, used 48138K [0x0000000795580000, 0x0000000799a80000, 0x00000007c0000000)
  eden space 31744K, 99% used [0x0000000795580000,0x000000079747a500,0x0000000797480000)
  from space 17408K, 94% used [0x0000000797500000,0x00000007985083f0,0x0000000798600000)
  to   space 19456K, 0% used [0x0000000798780000,0x0000000798780000,0x0000000799a80000)
 ParOldGen       total 87552K, used 31578K [0x0000000740000000, 0x0000000745580000, 0x0000000795580000)
  object space 87552K, 36% used [0x0000000740000000,0x0000000741ed6b60,0x0000000745580000)
 Metaspace       used 19523K, capacity 19743K, committed 19968K, reserved 1067008K
  class space    used 1877K, capacity 1950K, committed 2048K, reserved 1048576K
Event: 17.893 GC heap after
Heap after GC invocations=8 (full 0):
 PSYoungGen      total 48128K, used 19265K [0x0000000795580000, 0x000000079a000000, 0x00000007c0000000)
  eden space 28672K, 0% used [0x0000000795580000,0x0000000795580000,0x0000000797180000)
  from space 19456K, 99% used [0x0000000798780000,0x0000000799a504a0,0x0000000799a80000)
  to   space 22528K, 0% used [0x0000000797180000,0x0000000797180000,0x0000000798780000)
 ParOldGen       total 87552K, used 35459K [0x0000000740000000, 0x0000000745580000, 0x0000000795580000)
  object space 87552K, 40% used [0x0000000740000000,0x00000007422a0c50,0x0000000745580000)
 Metaspace       used 19523K, capacity 19743K, committed 19968K, reserved 1067008K
  class space    used 1877K, capacity 1950K, committed 2048K, reserved 1048576K
}
Event: 18.411 GC heap before
{Heap before GC invocations=9 (full 0):
 PSYoungGen      total 48128K, used 47901K [0x0000000795580000, 0x000000079a000000, 0x00000007c0000000)
  eden space 28672K, 99% used [0x0000000795580000,0x0000000797177168,0x0000000797180000)
  from space 19456K, 99% used [0x0000000798780000,0x0000000799a504a0,0x0000000799a80000)
  to   space 22528K, 0% used [0x0000000797180000,0x0000000797180000,0x0000000798780000)
 ParOldGen       total 87552K, used 35459K [0x0000000740000000, 0x0000000745580000, 0x0000000795580000)
  object space 87552K, 40% used [0x0000000740000000,0x00000007422a0c50,0x0000000745580000)
 Metaspace       used 19524K, capacity 19743K, committed 19968K, reserved 1067008K
  class space    used 1877K, capacity 1950K, committed 2048K, reserved 1048576K
Event: 18.422 GC heap after
Heap after GC invocations=9 (full 0):
 PSYoungGen      total 51200K, used 18465K [0x0000000795580000, 0x000000079b180000, 0x00000007c0000000)
  eden space 28672K, 0% used [0x0000000795580000,0x0000000795580000,0x0000000797180000)
  from space 22528K, 81% used [0x0000000797180000,0x0000000798388480,0x0000000798780000)
  to   space 24064K, 0% used [0x0000000799a00000,0x0000000799a00000,0x000000079b180000)
 ParOldGen       total 87552K, used 42683K [0x0000000740000000, 0x0000000745580000, 0x0000000795580000)
  object space 87552K, 48% used [0x0000000740000000,0x00000007429aee10,0x0000000745580000)
 Metaspace       used 19524K, capacity 19743K, committed 19968K, reserved 1067008K
  class space    used 1877K, capacity 1950K, committed 2048K, reserved 1048576K
}
Event: 19.590 GC heap before
{Heap before GC invocations=10 (full 0):
 PSYoungGen      total 51200K, used 47006K [0x0000000795580000, 0x000000079b180000, 0x00000007c0000000)
  eden space 28672K, 99% used [0x0000000795580000,0x000000079715f6f8,0x0000000797180000)
  from space 22528K, 81% used [0x0000000797180000,0x0000000798388480,0x0000000798780000)
  to   space 24064K, 0% used [0x0000000799a00000,0x0000000799a00000,0x000000079b180000)
 ParOldGen       total 87552K, used 42683K [0x0000000740000000, 0x0000000745580000, 0x0000000795580000)
  object space 87552K, 48% used [0x0000000740000000,0x00000007429aee10,0x0000000745580000)
 Metaspace       used 19578K, capacity 19807K, committed 19968K, reserved 1067008K
  class space    used 1877K, capacity 1950K, committed 2048K, reserved 1048576K
Event: 19.610 GC heap after
Heap after GC invocations=10 (full 0):
 PSYoungGen      total 68096K, used 13504K [0x0000000795580000, 0x000000079af80000, 0x00000007c0000000)
  eden space 46080K, 0% used [0x0000000795580000,0x0000000795580000,0x0000000798280000)
  from space 22016K, 61% used [0x0000000799a00000,0x000000079a730340,0x000000079af80000)
  to   space 23040K, 0% used [0x0000000798280000,0x0000000798280000,0x0000000799900000)
 ParOldGen       total 87552K, used 53492K [0x0000000740000000, 0x0000000745580000, 0x0000000795580000)
  object space 87552K, 61% used [0x0000000740000000,0x000000074343d0b0,0x0000000745580000)
 Metaspace       used 19578K, capacity 19807K, committed 19968K, reserved 1067008K
  class space    used 1877K, capacity 1950K, committed 2048K, reserved 1048576K
}
Event: 20.961 GC heap before
{Heap before GC invocations=11 (full 0):
 PSYoungGen      total 68096K, used 59386K [0x0000000795580000, 0x000000079af80000, 0x00000007c0000000)
  eden space 46080K, 99% used [0x0000000795580000,0x000000079824e748,0x0000000798280000)
  from space 22016K, 61% used [0x0000000799a00000,0x000000079a730340,0x000000079af80000)
  to   space 23040K, 0% used [0x0000000798280000,0x0000000798280000,0x0000000799900000)
 ParOldGen       total 87552K, used 53492K [0x0000000740000000, 0x0000000745580000, 0x0000000795580000)
  object space 87552K, 61% used [0x0000000740000000,0x000000074343d0b0,0x0000000745580000)
 Metaspace       used 19603K, capacity 19807K, committed 19968K, reserved 1067008K
  class space    used 1877K, capacity 1950K, committed 2048K, reserved 1048576K
Event: 20.976 GC heap after
Heap after GC invocations=11 (full 0):
 PSYoungGen      total 69120K, used 10528K [0x0000000795580000, 0x000000079c980000, 0x00000007c0000000)
  eden space 46080K, 0% used [0x0000000795580000,0x0000000795580000,0x0000000798280000)
  from space 23040K, 45% used [0x0000000798280000,0x0000000798cc8290,0x0000000799900000)
  to   space 22528K, 0% used [0x000000079b380000,0x000000079b380000,0x000000079c980000)
 ParOldGen       total 87552K, used 65836K [0x0000000740000000, 0x0000000745580000, 0x0000000795580000)
  object space 87552K, 75% used [0x0000000740000000,0x000000074404b3b0,0x0000000745580000)
 Metaspace       used 19603K, capacity 19807K, committed 19968K, reserved 1067008K
  class space    used 1877K, capacity 1950K, committed 2048K, reserved 1048576K
}

