# JRE version: Java(TM) SE Runtime Environment (8.0_60-b27) (build 1.8.0_60-b27)
# Java VM: Java HotSpot(TM) 64-Bit Server VM (25.60-b23 mixed mode bsd-amd64 compressed oops)
Heap:
 PSYoungGen      total 71680K, used 27509K [0x0000000795580000, 0x000000079bf80000, 0x00000007c0000000)
  eden space 66560K, 35% used [0x0000000795580000,0x0000000796c5d428,0x0000000799680000)
  from space 5120K, 80% used [0x0000000799680000,0x0000000799a800f0,0x0000000799b80000)
  to   space 12800K, 0% used [0x000000079b300000,0x000000079b300000,0x000000079bf80000)
 ParOldGen       total 56832K, used 16102K [0x0000000740000000, 0x0000000743780000, 0x0000000795580000)
  object space 56832K, 28% used [0x0000000740000000,0x0000000740fb9928,0x0000000743780000)
 Metaspace       used 23941K, capacity 24161K, committed 24576K, reserved 1071104K
  class space    used 2359K, capacity 2451K, committed 2560K, reserved 1048576K
GC Heap History (10 events):
Event: 2.911 GC heap before
{Heap before GC invocations=2 (full 0):
 PSYoungGen      total 38400K, used 38247K [0x0000000795580000, 0x0000000798000000, 0x00000007c0000000)
  eden space 33280K, 100% used [0x0000000795580000,0x0000000797600000,0x0000000797600000)
  from space 5120K, 97% used [0x0000000797600000,0x0000000797ad9d48,0x0000000797b00000)
  to   space 5120K, 0% used [0x0000000797b00000,0x0000000797b00000,0x0000000798000000)
 ParOldGen       total 87552K, used 8K [0x0000000740000000, 0x0000000745580000, 0x0000000795580000)
  object space 87552K, 0% used [0x0000000740000000,0x0000000740002000,0x0000000745580000)
 Metaspace       used 20175K, capacity 20421K, committed 20736K, reserved 1067008K
  class space    used 2077K, capacity 2191K, committed 2304K, reserved 1048576K
Event: 2.923 GC heap after
Heap after GC invocations=2 (full 0):
 PSYoungGen      total 38400K, used 5104K [0x0000000795580000, 0x0000000798000000, 0x00000007c0000000)
  eden space 33280K, 0% used [0x0000000795580000,0x0000000795580000,0x0000000797600000)
  from space 5120K, 99% used [0x0000000797b00000,0x0000000797ffc070,0x0000000798000000)
  to   space 5120K, 0% used [0x0000000797600000,0x0000000797600000,0x0000000797b00000)
 ParOldGen       total 87552K, used 3763K [0x0000000740000000, 0x0000000745580000, 0x0000000795580000)
  object space 87552K, 4% used [0x0000000740000000,0x00000007403acd18,0x0000000745580000)
 Metaspace       used 20175K, capacity 20421K, committed 20736K, reserved 1067008K
  class space    used 2077K, capacity 2191K, committed 2304K, reserved 1048576K
}
Event: 3.021 GC heap before
{Heap before GC invocations=3 (full 0):
 PSYoungGen      total 38400K, used 8110K [0x0000000795580000, 0x0000000798000000, 0x00000007c0000000)
  eden space 33280K, 9% used [0x0000000795580000,0x000000079586f880,0x0000000797600000)
  from space 5120K, 99% used [0x0000000797b00000,0x0000000797ffc070,0x0000000798000000)
  to   space 5120K, 0% used [0x0000000797600000,0x0000000797600000,0x0000000797b00000)
 ParOldGen       total 87552K, used 3763K [0x0000000740000000, 0x0000000745580000, 0x0000000795580000)
  object space 87552K, 4% used [0x0000000740000000,0x00000007403acd18,0x0000000745580000)
 Metaspace       used 20872K, capacity 21137K, committed 21248K, reserved 1069056K
  class space    used 2147K, capacity 2257K, committed 2304K, reserved 1048576K
Event: 3.027 GC heap after
Heap after GC invocations=3 (full 0):
 PSYoungGen      total 38400K, used 5106K [0x0000000795580000, 0x000000079a080000, 0x00000007c0000000)
  eden space 33280K, 0% used [0x0000000795580000,0x0000000795580000,0x0000000797600000)
  from space 5120K, 99% used [0x0000000797600000,0x0000000797afcb50,0x0000000797b00000)
  to   space 5120K, 0% used [0x0000000799b80000,0x0000000799b80000,0x000000079a080000)
 ParOldGen       total 87552K, used 4384K [0x0000000740000000, 0x0000000745580000, 0x0000000795580000)
  object space 87552K, 5% used [0x0000000740000000,0x0000000740448018,0x0000000745580000)
 Metaspace       used 20872K, capacity 21137K, committed 21248K, reserved 1069056K
  class space    used 2147K, capacity 2257K, committed 2304K, reserved 1048576K
}
Event: 3.027 GC heap before
{Heap before GC invocations=4 (full 1):
 PSYoungGen      total 38400K, used 5106K [0x0000000795580000, 0x000000079a080000, 0x00000007c0000000)
  eden space 33280K, 0% used [0x0000000795580000,0x0000000795580000,0x0000000797600000)
  from space 5120K, 99% used [0x0000000797600000,0x0000000797afcb50,0x0000000797b00000)
  to   space 5120K, 0% used [0x0000000799b80000,0x0000000799b80000,0x000000079a080000)
 ParOldGen       total 87552K, used 4384K [0x0000000740000000, 0x0000000745580000, 0x0000000795580000)
  object space 87552K, 5% used [0x0000000740000000,0x0000000740448018,0x0000000745580000)
 Metaspace       used 20872K, capacity 21137K, committed 21248K, reserved 1069056K
  class space    used 2147K, capacity 2257K, committed 2304K, reserved 1048576K
Event: 3.063 GC heap after
Heap after GC invocations=4 (full 1):
 PSYoungGen      total 38400K, used 0K [0x0000000795580000, 0x000000079a080000, 0x00000007c0000000)
  eden space 33280K, 0% used [0x0000000795580000,0x0000000795580000,0x0000000797600000)
  from space 5120K, 0% used [0x0000000797600000,0x0000000797600000,0x0000000797b00000)
  to   space 5120K, 0% used [0x0000000799b80000,0x0000000799b80000,0x000000079a080000)
 ParOldGen       total 56832K, used 7570K [0x0000000740000000, 0x0000000743780000, 0x0000000795580000)
  object space 56832K, 13% used [0x0000000740000000,0x0000000740764868,0x0000000743780000)
 Metaspace       used 20872K, capacity 21137K, committed 21248K, reserved 1069056K
  class space    used 2147K, capacity 2257K, committed 2304K, reserved 1048576K
}
Event: 3.955 GC heap before
{Heap before GC invocations=5 (full 1):
 PSYoungGen      total 38400K, used 33280K [0x0000000795580000, 0x000000079a080000, 0x00000007c0000000)
  eden space 33280K, 100% used [0x0000000795580000,0x0000000797600000,0x0000000797600000)
  from space 5120K, 0% used [0x0000000797600000,0x0000000797600000,0x0000000797b00000)
  to   space 5120K, 0% used [0x0000000799b80000,0x0000000799b80000,0x000000079a080000)
 ParOldGen       total 56832K, used 7570K [0x0000000740000000, 0x0000000743780000, 0x0000000795580000)
  object space 56832K, 13% used [0x0000000740000000,0x0000000740764868,0x0000000743780000)
 Metaspace       used 23282K, capacity 23515K, committed 23808K, reserved 1071104K
  class space    used 2349K, capacity 2450K, committed 2560K, reserved 1048576K
Event: 3.962 GC heap after
Heap after GC invocations=5 (full 1):
 PSYoungGen      total 58880K, used 5117K [0x0000000795580000, 0x000000079a080000, 0x00000007c0000000)
  eden space 53760K, 0% used [0x0000000795580000,0x0000000795580000,0x0000000798a00000)
  from space 5120K, 99% used [0x0000000799b80000,0x000000079a07f470,0x000000079a080000)
  to   space 5120K, 0% used [0x0000000799680000,0x0000000799680000,0x0000000799b80000)
 ParOldGen       total 56832K, used 13641K [0x0000000740000000, 0x0000000743780000, 0x0000000795580000)
  object space 56832K, 24% used [0x0000000740000000,0x0000000740d52558,0x0000000743780000)
 Metaspace       used 23282K, capacity 23515K, committed 23808K, reserved 1071104K
  class space    used 2349K, capacity 2450K, committed 2560K, reserved 1048576K
}
Event: 14.009 GC heap before
{Heap before GC invocations=6 (full 1):
 PSYoungGen      total 58880K, used 58877K [0x0000000795580000, 0x000000079a080000, 0x00000007c0000000)
  eden space 53760K, 100% used [0x0000000795580000,0x0000000798a00000,0x0000000798a00000)
  from space 5120K, 99% used [0x0000000799b80000,0x000000079a07f470,0x000000079a080000)
  to   space 5120K, 0% used [0x0000000799680000,0x0000000799680000,0x0000000799b80000)
 ParOldGen       total 56832K, used 13641K [0x0000000740000000, 0x0000000743780000, 0x0000000795580000)
  object space 56832K, 24% used [0x0000000740000000,0x0000000740d52558,0x0000000743780000)
 Metaspace       used 23897K, capacity 24161K, committed 24576K, reserved 1071104K
  class space    used 2351K, capacity 2451K, committed 2560K, reserved 1048576K
Event: 14.015 GC heap after
Heap after GC invocations=6 (full 1):
 PSYoungGen      total 71680K, used 4096K [0x0000000795580000, 0x000000079bf80000, 0x00000007c0000000)
  eden space 66560K, 0% used [0x0000000795580000,0x0000000795580000,0x0000000799680000)
  from space 5120K, 80% used [0x0000000799680000,0x0000000799a800f0,0x0000000799b80000)
  to   space 12800K, 0% used [0x000000079b300000,0x000000079b300000,0x000000079bf80000)
 ParOldGen       total 56832K, used 16102K [0x0000000740000000, 0x0000000743780000, 0x0000000795580000)
  object space 56832K, 28% used [0x0000000740000000,0x0000000740fb9928,0x0000000743780000)
 Metaspace       used 23897K, capacity 24161K, committed 24576K, reserved 1071104K
  class space    used 2351K, capacity 2451K, committed 2560K, reserved 1048576K
}

