# JRE version: Java(TM) SE Runtime Environment (8.0_60-b27) (build 1.8.0_60-b27)
# Java VM: Java HotSpot(TM) 64-Bit Server VM (25.60-b23 mixed mode bsd-amd64 compressed oops)
Heap:
 PSYoungGen      total 27136K, used 17409K [0x0000000795580000, 0x0000000797880000, 0x00000007c0000000)
  eden space 26624K, 65% used [0x0000000795580000,0x0000000796668620,0x0000000796f80000)
  from space 512K, 18% used [0x0000000797800000,0x0000000797818000,0x0000000797880000)
  to   space 512K, 0% used [0x0000000797780000,0x0000000797780000,0x0000000797800000)
 ParOldGen       total 55808K, used 17310K [0x0000000740000000, 0x0000000743680000, 0x0000000795580000)
  object space 55808K, 31% used [0x0000000740000000,0x00000007410e78f0,0x0000000743680000)
 Metaspace       used 24356K, capacity 24581K, committed 24832K, reserved 1071104K
  class space    used 2383K, capacity 2483K, committed 2560K, reserved 1048576K
GC Heap History (10 events):
Event: 4860.310 GC heap before
{Heap before GC invocations=1139 (full 1):
 PSYoungGen      total 27136K, used 26752K [0x0000000795580000, 0x0000000797880000, 0x00000007c0000000)
  eden space 26624K, 100% used [0x0000000795580000,0x0000000796f80000,0x0000000796f80000)
  from space 512K, 25% used [0x0000000797780000,0x00000007977a0000,0x0000000797800000)
  to   space 512K, 0% used [0x0000000797800000,0x0000000797800000,0x0000000797880000)
 ParOldGen       total 55808K, used 17310K [0x0000000740000000, 0x0000000743680000, 0x0000000795580000)
  object space 55808K, 31% used [0x0000000740000000,0x00000007410e78f0,0x0000000743680000)
 Metaspace       used 24299K, capacity 24581K, committed 24832K, reserved 1071104K
  class space    used 2375K, capacity 2483K, committed 2560K, reserved 1048576K
Event: 4860.314 GC heap after
Heap after GC invocations=1139 (full 1):
 PSYoungGen      total 27136K, used 96K [0x0000000795580000, 0x0000000797880000, 0x00000007c0000000)
  eden space 26624K, 0% used [0x0000000795580000,0x0000000795580000,0x0000000796f80000)
  from space 512K, 18% used [0x0000000797800000,0x0000000797818000,0x0000000797880000)
  to   space 512K, 0% used [0x0000000797780000,0x0000000797780000,0x0000000797800000)
 ParOldGen       total 55808K, used 17310K [0x0000000740000000, 0x0000000743680000, 0x0000000795580000)
  object space 55808K, 31% used [0x0000000740000000,0x00000007410e78f0,0x0000000743680000)
 Metaspace       used 24299K, capacity 24581K, committed 24832K, reserved 1071104K
  class space    used 2375K, capacity 2483K, committed 2560K, reserved 1048576K
}
Event: 4864.297 GC heap before
{Heap before GC invocations=1140 (full 1):
 PSYoungGen      total 27136K, used 26720K [0x0000000795580000, 0x0000000797880000, 0x00000007c0000000)
  eden space 26624K, 100% used [0x0000000795580000,0x0000000796f80000,0x0000000796f80000)
  from space 512K, 18% used [0x0000000797800000,0x0000000797818000,0x0000000797880000)
  to   space 512K, 0% used [0x0000000797780000,0x0000000797780000,0x0000000797800000)
 ParOldGen       total 55808K, used 17310K [0x0000000740000000, 0x0000000743680000, 0x0000000795580000)
  object space 55808K, 31% used [0x0000000740000000,0x00000007410e78f0,0x0000000743680000)
 Metaspace       used 24299K, capacity 24581K, committed 24832K, reserved 1071104K
  class space    used 2375K, capacity 2483K, committed 2560K, reserved 1048576K
Event: 4864.299 GC heap after
Heap after GC invocations=1140 (full 1):
 PSYoungGen      total 27136K, used 96K [0x0000000795580000, 0x0000000797880000, 0x00000007c0000000)
  eden space 26624K, 0% used [0x0000000795580000,0x0000000795580000,0x0000000796f80000)
  from space 512K, 18% used [0x0000000797780000,0x0000000797798000,0x0000000797800000)
  to   space 512K, 0% used [0x0000000797800000,0x0000000797800000,0x0000000797880000)
 ParOldGen       total 55808K, used 17310K [0x0000000740000000, 0x0000000743680000, 0x0000000795580000)
  object space 55808K, 31% used [0x0000000740000000,0x00000007410e78f0,0x0000000743680000)
 Metaspace       used 24299K, capacity 24581K, committed 24832K, reserved 1071104K
  class space    used 2375K, capacity 2483K, committed 2560K, reserved 1048576K
}
Event: 4868.411 GC heap before
{Heap before GC invocations=1141 (full 1):
 PSYoungGen      total 27136K, used 26720K [0x0000000795580000, 0x0000000797880000, 0x00000007c0000000)
  eden space 26624K, 100% used [0x0000000795580000,0x0000000796f80000,0x0000000796f80000)
  from space 512K, 18% used [0x0000000797780000,0x0000000797798000,0x0000000797800000)
  to   space 512K, 0% used [0x0000000797800000,0x0000000797800000,0x0000000797880000)
 ParOldGen       total 55808K, used 17310K [0x0000000740000000, 0x0000000743680000, 0x0000000795580000)
  object space 55808K, 31% used [0x0000000740000000,0x00000007410e78f0,0x0000000743680000)
 Metaspace       used 24299K, capacity 24581K, committed 24832K, reserved 1071104K
  class space    used 2375K, capacity 2483K, committed 2560K, reserved 1048576K
Event: 4868.414 GC heap after
Heap after GC invocations=1141 (full 1):
 PSYoungGen      total 27136K, used 96K [0x0000000795580000, 0x0000000797880000, 0x00000007c0000000)
  eden space 26624K, 0% used [0x0000000795580000,0x0000000795580000,0x0000000796f80000)
  from space 512K, 18% used [0x0000000797800000,0x0000000797818000,0x0000000797880000)
  to   space 512K, 0% used [0x0000000797780000,0x0000000797780000,0x0000000797800000)
 ParOldGen       total 55808K, used 17310K [0x0000000740000000, 0x0000000743680000, 0x0000000795580000)
  object space 55808K, 31% used [0x0000000740000000,0x00000007410e78f0,0x0000000743680000)
 Metaspace       used 24299K, capacity 24581K, committed 24832K, reserved 1071104K
  class space    used 2375K, capacity 2483K, committed 2560K, reserved 1048576K
}
Event: 4872.496 GC heap before
{Heap before GC invocations=1142 (full 1):
 PSYoungGen      total 27136K, used 26720K [0x0000000795580000, 0x0000000797880000, 0x00000007c0000000)
  eden space 26624K, 100% used [0x0000000795580000,0x0000000796f80000,0x0000000796f80000)
  from space 512K, 18% used [0x0000000797800000,0x0000000797818000,0x0000000797880000)
  to   space 512K, 0% used [0x0000000797780000,0x0000000797780000,0x0000000797800000)
 ParOldGen       total 55808K, used 17310K [0x0000000740000000, 0x0000000743680000, 0x0000000795580000)
  object space 55808K, 31% used [0x0000000740000000,0x00000007410e78f0,0x0000000743680000)
 Metaspace       used 24299K, capacity 24581K, committed 24832K, reserved 1071104K
  class space    used 2375K, capacity 2483K, committed 2560K, reserved 1048576K
Event: 4872.498 GC heap after
Heap after GC invocations=1142 (full 1):
 PSYoungGen      total 27136K, used 64K [0x0000000795580000, 0x0000000797880000, 0x00000007c0000000)
  eden space 26624K, 0% used [0x0000000795580000,0x0000000795580000,0x0000000796f80000)
  from space 512K, 12% used [0x0000000797780000,0x0000000797790000,0x0000000797800000)
  to   space 512K, 0% used [0x0000000797800000,0x0000000797800000,0x0000000797880000)
 ParOldGen       total 55808K, used 17310K [0x0000000740000000, 0x0000000743680000, 0x0000000795580000)
  object space 55808K, 31% used [0x0000000740000000,0x00000007410e78f0,0x0000000743680000)
 Metaspace       used 24299K, capacity 24581K, committed 24832K, reserved 1071104K
  class space    used 2375K, capacity 2483K, committed 2560K, reserved 1048576K
}
Event: 4875.747 GC heap before
{Heap before GC invocations=1143 (full 1):
 PSYoungGen      total 27136K, used 26688K [0x0000000795580000, 0x0000000797880000, 0x00000007c0000000)
  eden space 26624K, 100% used [0x0000000795580000,0x0000000796f80000,0x0000000796f80000)
  from space 512K, 12% used [0x0000000797780000,0x0000000797790000,0x0000000797800000)
  to   space 512K, 0% used [0x0000000797800000,0x0000000797800000,0x0000000797880000)
 ParOldGen       total 55808K, used 17310K [0x0000000740000000, 0x0000000743680000, 0x0000000795580000)
  object space 55808K, 31% used [0x0000000740000000,0x00000007410e78f0,0x0000000743680000)
 Metaspace       used 24320K, capacity 24581K, committed 24832K, reserved 1071104K
  class space    used 2375K, capacity 2483K, committed 2560K, reserved 1048576K
Event: 4875.750 GC heap after
Heap after GC invocations=1143 (full 1):
 PSYoungGen      total 27136K, used 96K [0x0000000795580000, 0x0000000797880000, 0x00000007c0000000)
  eden space 26624K, 0% used [0x0000000795580000,0x0000000795580000,0x0000000796f80000)
  from space 512K, 18% used [0x0000000797800000,0x0000000797818000,0x0000000797880000)
  to   space 512K, 0% used [0x0000000797780000,0x0000000797780000,0x0000000797800000)
 ParOldGen       total 55808K, used 17310K [0x0000000740000000, 0x0000000743680000, 0x0000000795580000)
  object space 55808K, 31% used [0x0000000740000000,0x00000007410e78f0,0x0000000743680000)
 Metaspace       used 24320K, capacity 24581K, committed 24832K, reserved 1071104K
  class space    used 2375K, capacity 2483K, committed 2560K, reserved 1048576K
}

