# JRE version: Java(TM) SE Runtime Environment (8.0_60-b27) (build 1.8.0_60-b27)
# Java VM: Java HotSpot(TM) 64-Bit Server VM (25.60-b23 mixed mode bsd-amd64 compressed oops)
Heap:
 PSYoungGen      total 76800K, used 46404K [0x0000000795580000, 0x000000079ae00000, 0x00000007c0000000)
  eden space 71168K, 64% used [0x0000000795580000,0x00000007982a1010,0x0000000799b00000)
  from space 5632K, 3% used [0x000000079a880000,0x000000079a8b0000,0x000000079ae00000)
  to   space 9728K, 0% used [0x0000000799b00000,0x0000000799b00000,0x000000079a480000)
 ParOldGen       total 57344K, used 16819K [0x0000000740000000, 0x0000000743800000, 0x0000000795580000)
  object space 57344K, 29% used [0x0000000740000000,0x000000074106cd98,0x0000000743800000)
 Metaspace       used 24104K, capacity 24369K, committed 24832K, reserved 1071104K
  class space    used 2361K, capacity 2451K, committed 2560K, reserved 1048576K
GC Heap History (10 events):
Event: 184.677 GC heap before
{Heap before GC invocations=19 (full 1):
 PSYoungGen      total 87040K, used 87021K [0x0000000795580000, 0x000000079c000000, 0x00000007c0000000)
  eden space 81920K, 100% used [0x0000000795580000,0x000000079a580000,0x000000079a580000)
  from space 5120K, 99% used [0x000000079b400000,0x000000079b8fb490,0x000000079b900000)
  to   space 7168K, 0% used [0x000000079b900000,0x000000079b900000,0x000000079c000000)
 ParOldGen       total 57344K, used 11716K [0x0000000740000000, 0x0000000743800000, 0x0000000795580000)
  object space 57344K, 20% used [0x0000000740000000,0x0000000740b712f8,0x0000000743800000)
 Metaspace       used 24068K, capacity 24369K, committed 24832K, reserved 1071104K
  class space    used 2353K, capacity 2451K, committed 2560K, reserved 1048576K
Event: 184.680 GC heap after
Heap after GC invocations=19 (full 1):
 PSYoungGen      total 84480K, used 5117K [0x0000000795580000, 0x000000079be00000, 0x00000007c0000000)
  eden space 79360K, 0% used [0x0000000795580000,0x0000000795580000,0x000000079a300000)
  from space 5120K, 99% used [0x000000079b900000,0x000000079bdff4c0,0x000000079be00000)
  to   space 8192K, 0% used [0x000000079ae00000,0x000000079ae00000,0x000000079b600000)
 ParOldGen       total 57344K, used 11716K [0x0000000740000000, 0x0000000743800000, 0x0000000795580000)
  object space 57344K, 20% used [0x0000000740000000,0x0000000740b712f8,0x0000000743800000)
 Metaspace       used 24068K, capacity 24369K, committed 24832K, reserved 1071104K
  class space    used 2353K, capacity 2451K, committed 2560K, reserved 1048576K
}
Event: 195.378 GC heap before
{Heap before GC invocations=20 (full 1):
 PSYoungGen      total 84480K, used 84477K [0x0000000795580000, 0x000000079be00000, 0x00000007c0000000)
  eden space 79360K, 100% used [0x0000000795580000,0x000000079a300000,0x000000079a300000)
  from space 5120K, 99% used [0x000000079b900000,0x000000079bdff4c0,0x000000079be00000)
  to   space 8192K, 0% used [0x000000079ae00000,0x000000079ae00000,0x000000079b600000)
 ParOldGen       total 57344K, used 11716K [0x0000000740000000, 0x0000000743800000, 0x0000000795580000)
  object space 57344K, 20% used [0x0000000740000000,0x0000000740b712f8,0x0000000743800000)
 Metaspace       used 24069K, capacity 24369K, committed 24832K, reserved 1071104K
  class space    used 2353K, capacity 2451K, committed 2560K, reserved 1048576K
Event: 195.385 GC heap after
Heap after GC invocations=20 (full 1):
 PSYoungGen      total 77824K, used 320K [0x0000000795580000, 0x000000079b980000, 0x00000007c0000000)
  eden space 77312K, 0% used [0x0000000795580000,0x0000000795580000,0x000000079a100000)
  from space 512K, 62% used [0x000000079ae00000,0x000000079ae50000,0x000000079ae80000)
  to   space 8704K, 0% used [0x000000079b100000,0x000000079b100000,0x000000079b980000)
 ParOldGen       total 57344K, used 16585K [0x0000000740000000, 0x0000000743800000, 0x0000000795580000)
  object space 57344K, 28% used [0x0000000740000000,0x00000007410324f8,0x0000000743800000)
 Metaspace       used 24069K, capacity 24369K, committed 24832K, reserved 1071104K
  class space    used 2353K, capacity 2451K, committed 2560K, reserved 1048576K
}
Event: 205.367 GC heap before
{Heap before GC invocations=21 (full 1):
 PSYoungGen      total 77824K, used 77632K [0x0000000795580000, 0x000000079b980000, 0x00000007c0000000)
  eden space 77312K, 100% used [0x0000000795580000,0x000000079a100000,0x000000079a100000)
  from space 512K, 62% used [0x000000079ae00000,0x000000079ae50000,0x000000079ae80000)
  to   space 8704K, 0% used [0x000000079b100000,0x000000079b100000,0x000000079b980000)
 ParOldGen       total 57344K, used 16585K [0x0000000740000000, 0x0000000743800000, 0x0000000795580000)
  object space 57344K, 28% used [0x0000000740000000,0x00000007410324f8,0x0000000743800000)
 Metaspace       used 24069K, capacity 24369K, committed 24832K, reserved 1071104K
  class space    used 2353K, capacity 2451K, committed 2560K, reserved 1048576K
Event: 205.371 GC heap after
Heap after GC invocations=21 (full 1):
 PSYoungGen      total 75776K, used 224K [0x0000000795580000, 0x000000079b180000, 0x00000007c0000000)
  eden space 75264K, 0% used [0x0000000795580000,0x0000000795580000,0x0000000799f00000)
  from space 512K, 43% used [0x000000079b100000,0x000000079b138000,0x000000079b180000)
  to   space 9216K, 0% used [0x0000000799f80000,0x0000000799f80000,0x000000079a880000)
 ParOldGen       total 57344K, used 16715K [0x0000000740000000, 0x0000000743800000, 0x0000000795580000)
  object space 57344K, 29% used [0x0000000740000000,0x0000000741052d98,0x0000000743800000)
 Metaspace       used 24069K, capacity 24369K, committed 24832K, reserved 1071104K
  class space    used 2353K, capacity 2451K, committed 2560K, reserved 1048576K
}
Event: 216.437 GC heap before
{Heap before GC invocations=22 (full 1):
 PSYoungGen      total 75776K, used 75488K [0x0000000795580000, 0x000000079b180000, 0x00000007c0000000)
  eden space 75264K, 100% used [0x0000000795580000,0x0000000799f00000,0x0000000799f00000)
  from space 512K, 43% used [0x000000079b100000,0x000000079b138000,0x000000079b180000)
  to   space 9216K, 0% used [0x0000000799f80000,0x0000000799f80000,0x000000079a880000)
 ParOldGen       total 57344K, used 16715K [0x0000000740000000, 0x0000000743800000, 0x0000000795580000)
  object space 57344K, 29% used [0x0000000740000000,0x0000000741052d98,0x0000000743800000)
 Metaspace       used 24069K, capacity 24369K, committed 24832K, reserved 1071104K
  class space    used 2353K, capacity 2451K, committed 2560K, reserved 1048576K
Event: 216.440 GC heap after
Heap after GC invocations=22 (full 1):
 PSYoungGen      total 82432K, used 192K [0x0000000795580000, 0x000000079b180000, 0x00000007c0000000)
  eden space 73216K, 0% used [0x0000000795580000,0x0000000795580000,0x0000000799d00000)
  from space 9216K, 2% used [0x0000000799f80000,0x0000000799fb0000,0x000000079a880000)
  to   space 9216K, 0% used [0x000000079a880000,0x000000079a880000,0x000000079b180000)
 ParOldGen       total 57344K, used 16763K [0x0000000740000000, 0x0000000743800000, 0x0000000795580000)
  object space 57344K, 29% used [0x0000000740000000,0x000000074105ed98,0x0000000743800000)
 Metaspace       used 24069K, capacity 24369K, committed 24832K, reserved 1071104K
  class space    used 2353K, capacity 2451K, committed 2560K, reserved 1048576K
}
Event: 227.344 GC heap before
{Heap before GC invocations=23 (full 1):
 PSYoungGen      total 82432K, used 73408K [0x0000000795580000, 0x000000079b180000, 0x00000007c0000000)
  eden space 73216K, 100% used [0x0000000795580000,0x0000000799d00000,0x0000000799d00000)
  from space 9216K, 2% used [0x0000000799f80000,0x0000000799fb0000,0x000000079a880000)
  to   space 9216K, 0% used [0x000000079a880000,0x000000079a880000,0x000000079b180000)
 ParOldGen       total 57344K, used 16763K [0x0000000740000000, 0x0000000743800000, 0x0000000795580000)
  object space 57344K, 29% used [0x0000000740000000,0x000000074105ed98,0x0000000743800000)
 Metaspace       used 24069K, capacity 24369K, committed 24832K, reserved 1071104K
  class space    used 2353K, capacity 2451K, committed 2560K, reserved 1048576K
Event: 227.345 GC heap after
Heap after GC invocations=23 (full 1):
 PSYoungGen      total 76800K, used 192K [0x0000000795580000, 0x000000079ae00000, 0x00000007c0000000)
  eden space 71168K, 0% used [0x0000000795580000,0x0000000795580000,0x0000000799b00000)
  from space 5632K, 3% used [0x000000079a880000,0x000000079a8b0000,0x000000079ae00000)
  to   space 9728K, 0% used [0x0000000799b00000,0x0000000799b00000,0x000000079a480000)
 ParOldGen       total 57344K, used 16819K [0x0000000740000000, 0x0000000743800000, 0x0000000795580000)
  object space 57344K, 29% used [0x0000000740000000,0x000000074106cd98,0x0000000743800000)
 Metaspace       used 24069K, capacity 24369K, committed 24832K, reserved 1071104K
  class space    used 2353K, capacity 2451K, committed 2560K, reserved 1048576K
}

